0 verbose cli /data/data/com.termux/files/usr/bin/node /data/data/com.termux/files/usr/bin/npm
1 info using npm@11.11.0
2 info using node@v25.3.0
3 silly config load:file:/data/data/com.termux/files/usr/lib/node_modules/npm/npmrc
4 silly config load:file:/data/data/com.termux/files/home/.npmrc
5 silly config load:file:/data/data/com.termux/files/usr/etc/npmrc
6 verbose title npm info @ionic/cli
7 verbose argv "info" "@ionic/cli" "--json"
8 verbose logfile logs-max:10 dir:/data/data/com.termux/files/home/.npm/_logs/2026-03-08T23_23_54_016Z-
9 verbose logfile /data/data/com.termux/files/home/.npm/_logs/2026-03-08T23_23_54_016Z-debug-0.log
10 silly logfile done cleaning log files
11 http fetch GET 200 https://registry.npmjs.org/@ionic%2fcli 65229ms (cache revalidated)
12 silly view {
12 silly view   '7.2.1': {
12 silly view     _id: '@ionic/cli@7.2.1',
12 silly view     _rev: '117-44123020d2b541d4c7da757344dfe6de',
12 silly view     name: '@ionic/cli',
12 silly view     'dist-tags': { testing: '6.20.7-testing.0', latest: '7.2.1' },
12 silly view     versions: [
12 silly view       '6.0.0',            '6.0.1',            '6.0.2',
12 silly view       '6.1.0',            '6.2.0-testing.5',  '6.2.0',
12 silly view       '6.2.1',            '6.2.2',            '6.3.0',
12 silly view       '6.4.0',            '6.4.1',            '6.4.2',
12 silly view       '6.4.3',            '6.5.0',            '6.6.0',
12 silly view       '6.7.0',            '6.8.0',            '6.9.0',
12 silly view       '6.9.1',            '6.9.2',            '6.9.3',
12 silly view       '6.10.0',           '6.10.1',           '6.10.2',
12 silly view       '6.11.0',           '6.11.1',           '6.11.2',
12 silly view       '6.11.3',           '6.11.4',           '6.11.5',
12 silly view       '6.11.6',           '6.11.7',           '6.11.8-testing.0',
12 silly view       '6.11.8',           '6.11.9',           '6.11.10',
12 silly view       '6.11.11',          '6.11.12',          '6.12.0',
12 silly view       '6.12.1',           '6.12.2',           '6.12.3',
12 silly view       '6.12.4',           '6.13.0',           '6.13.1-testing.0',
12 silly view       '6.13.1',           '6.14.0',           '6.14.1',
12 silly view       '6.14.2-testing.0', '6.15.0',           '6.15.1-testing.0',
12 silly view       '6.16.0',           '6.16.1',           '6.16.2',
12 silly view       '6.16.3',           '6.17.0',           '6.17.1',
12 silly view       '6.18.0',           '6.18.1',           '6.18.2',
12 silly view       '6.18.3-testing.0', '6.19.0',           '6.19.1',
12 silly view       '6.20.0',           '6.20.1',           '6.20.2-testing.0',
12 silly view       '6.20.2',           '6.20.3-testing.0', '6.20.3',
12 silly view       '6.20.4',           '6.20.5-testing.0', '6.20.5',
12 silly view       '6.20.6-testing.0', '6.20.6',           '6.20.7-testing.0',
12 silly view       '6.20.8',           '6.20.9',           '7.0.0',
12 silly view       '7.0.1',            '7.1.0',            '7.1.1',
12 silly view       '7.1.3',            '7.1.4',            '7.1.5',
12 silly view       '7.1.6',            '7.2.0',            '7.2.1'
12 silly view     ],
12 silly view     time: {
12 silly view       created: '2020-01-25T01:12:16.349Z',
12 silly view       modified: '2025-03-18T15:27:06.529Z',
12 silly view       '6.0.0': '2020-01-25T01:12:16.558Z',
12 silly view       '6.0.1': '2020-02-03T03:02:50.675Z',
12 silly view       '6.0.2': '2020-02-10T23:40:13.457Z',
12 silly view       '6.1.0': '2020-02-11T22:24:16.973Z',
12 silly view       '6.2.0-testing.5': '2020-02-22T07:42:06.041Z',
12 silly view       '6.2.0': '2020-03-03T21:13:36.985Z',
12 silly view       '6.2.1': '2020-03-09T21:49:14.458Z',
12 silly view       '6.2.2': '2020-03-16T17:33:30.326Z',
12 silly view       '6.3.0': '2020-03-18T20:14:44.511Z',
12 silly view       '6.4.0': '2020-03-30T19:49:44.276Z',
12 silly view       '6.4.1': '2020-04-02T23:36:59.316Z',
12 silly view       '6.4.2': '2020-04-05T18:52:17.626Z',
12 silly view       '6.4.3': '2020-04-05T22:39:12.284Z',
12 silly view       '6.5.0': '2020-04-07T19:05:32.311Z',
12 silly view       '6.6.0': '2020-04-14T20:51:22.328Z',
12 silly view       '6.7.0': '2020-04-29T20:15:58.769Z',
12 silly view       '6.8.0': '2020-05-06T22:37:37.112Z',
12 silly view       '6.9.0': '2020-05-11T23:41:34.020Z',
12 silly view       '6.9.1': '2020-05-12T19:43:01.238Z',
12 silly view       '6.9.2': '2020-05-17T19:07:33.231Z',
12 silly view       '6.9.3': '2020-05-27T22:54:19.457Z',
12 silly view       '6.10.0': '2020-06-02T21:17:44.852Z',
12 silly view       '6.10.1': '2020-06-15T20:49:27.233Z',
12 silly view       '6.10.2': '2020-07-27T23:21:19.646Z',
12 silly view       '6.11.0': '2020-07-29T20:43:55.314Z',
12 silly view       '6.11.1': '2020-08-20T21:37:18.106Z',
12 silly view       '6.11.2': '2020-08-25T23:51:58.164Z',
12 silly view       '6.11.3': '2020-08-26T00:45:33.420Z',
12 silly view       '6.11.4': '2020-08-27T00:04:15.613Z',
12 silly view       '6.11.5': '2020-08-27T00:29:52.210Z',
12 silly view       '6.11.6': '2020-08-28T00:13:21.376Z',
12 silly view       '6.11.7': '2020-08-29T19:57:34.890Z',
12 silly view       '6.11.8-testing.0': '2020-08-31T20:21:38.503Z',
12 silly view       '6.11.8': '2020-09-02T23:20:18.447Z',
12 silly view       '6.11.9': '2020-09-24T21:31:52.712Z',
12 silly view       '6.11.10': '2020-09-29T19:19:16.910Z',
12 silly view       '6.11.11': '2020-10-05T00:42:53.442Z',
12 silly view       '6.11.12': '2020-10-12T22:07:27.889Z',
12 silly view       '6.12.0': '2020-10-15T16:35:52.150Z',
12 silly view       '6.12.1': '2020-10-29T19:14:45.819Z',
12 silly view       '6.12.2': '2020-11-17T20:40:37.857Z',
12 silly view       '6.12.3': '2020-12-10T16:38:25.640Z',
12 silly view       '6.12.4': '2021-01-27T20:57:04.249Z',
12 silly view       '6.13.0': '2021-02-18T22:33:15.071Z',
12 silly view       '6.13.1-testing.0': '2021-02-19T17:20:25.599Z',
12 silly view       '6.13.1': '2021-02-22T22:42:09.165Z',
12 silly view       '6.14.0': '2021-04-28T14:37:31.797Z',
12 silly view       '6.14.1': '2021-04-30T14:32:17.272Z',
12 silly view       '6.15.0': '2021-05-11T20:27:35.032Z',
12 silly view       '6.14.2-testing.0': '2021-05-11T21:12:46.339Z',
12 silly view       '6.15.1-testing.0': '2021-05-19T11:44:20.220Z',
12 silly view       '6.16.0': '2021-05-19T12:24:37.406Z',
12 silly view       '6.16.1': '2021-05-19T15:05:47.930Z',
12 silly view       '6.16.2': '2021-06-03T19:12:38.881Z',
12 silly view       '6.16.3': '2021-06-08T21:10:45.213Z',
12 silly view       '6.17.0': '2021-08-11T17:07:19.974Z',
12 silly view       '6.17.1': '2021-09-03T14:27:06.642Z',
12 silly view       '6.18.0': '2021-10-25T17:22:59.741Z',
12 silly view       '6.18.1': '2021-11-10T14:47:32.950Z',
12 silly view       '6.18.2': '2022-03-04T18:21:52.040Z',
12 silly view       '6.18.3-testing.0': '2022-03-14T19:50:14.012Z',
12 silly view       '6.19.0': '2022-03-15T13:51:29.280Z',
12 silly view       '6.19.1': '2022-05-09T16:23:14.036Z',
12 silly view       '6.20.0': '2022-06-16T10:43:53.210Z',
12 silly view       '6.20.1': '2022-06-21T19:10:26.687Z',
12 silly view       '6.20.2-testing.0': '2022-09-21T14:31:49.720Z',
12 silly view       '6.20.2': '2022-09-29T15:45:01.044Z',
12 silly view       '6.20.3-testing.0': '2022-09-30T16:22:00.130Z',
12 silly view       '6.20.3': '2022-10-06T08:39:42.493Z',
12 silly view       '6.20.4': '2022-11-15T15:28:06.074Z',
12 silly view       '6.20.5-testing.0': '2022-12-08T17:46:28.628Z',
12 silly view       '6.20.5': '2022-12-13T15:32:49.224Z',
12 silly view       '6.20.6-testing.0': '2022-12-19T17:39:11.411Z',
12 silly view       '6.20.6': '2022-12-20T15:49:10.716Z',
12 silly view       '6.20.7-testing.0': '2022-12-22T22:36:56.879Z',
12 silly view       '6.20.8': '2023-01-13T18:04:14.127Z',
12 silly view       '6.20.9': '2023-03-17T12:10:21.238Z',
12 silly view       '7.0.0': '2023-03-29T17:56:11.704Z',
12 silly view       '7.0.1': '2023-04-05T15:10:39.571Z',
12 silly view       '7.1.0': '2023-05-01T15:47:27.372Z',
12 silly view       '7.1.1': '2023-05-02T00:38:38.597Z',
12 silly view       '7.1.3': '2023-11-07T16:15:23.823Z',
12 silly view       '7.1.4': '2023-11-08T15:50:30.925Z',
12 silly view       '7.1.5': '2023-11-08T18:50:02.458Z',
12 silly view       '7.1.6': '2023-12-19T22:38:56.582Z',
12 silly view       '7.2.0': '2024-01-02T19:44:52.660Z',
12 silly view       '7.2.1': '2025-03-18T15:27:06.144Z'
12 silly view     },
12 silly view     bugs: { url: 'https://github.com/ionic-team/ionic-cli/issues' },
12 silly view     author: {
12 silly view       name: 'Ionic Team',
12 silly view       email: 'hi@ionic.io',
12 silly view       url: 'https://ionicframework.com'
12 silly view     },
12 silly view     license: 'MIT',
12 silly view     homepage: 'https://ionicframework.com',
12 silly view     keywords: [
12 silly view       'ionic',
12 silly view       'ionic framework',
12 silly view       'ionicframework',
12 silly view       'mobile',
12 silly view       'app',
12 silly view       'hybrid',
12 silly view       'cordova',
12 silly view       'native',
12 silly view       'phonegap'
12 silly view     ],
12 silly view     repository: {
12 silly view       type: 'git',
12 silly view       url: 'git+https://github.com/ionic-team/ionic-cli.git'
12 silly view     },
12 silly view     description: 'A tool for creating and developing Ionic Framework mobile apps.',
12 silly view     maintainers: [ [Object] ],
12 silly view     readmeFilename: 'README.md',
12 silly view     _contentLength: 420576,
12 silly view     version: '7.2.1',
12 silly view     bin: { ionic: 'bin/ionic' },
12 silly view     engines: { node: '>=16.0.0' },
12 silly view     main: './index.js',
12 silly view     types: './index.d.ts',
12 silly view     scripts: {
12 silly view       clean: 'rimraf index.* bootstrap.* constants.* definitions.* guards.* lib commands',
12 silly view       lint: 'true',
12 silly view       build: 'npm run clean && tsc',
12 silly view       watch: 'tsc -w --preserveWatchOutput',
12 silly view       test: 'jest --maxWorkers=4',
12 silly view       prepublishOnly: 'npm run build'
12 silly view     },
12 silly view     dependencies: {
12 silly view       '@ionic/cli-framework': '6.0.1',
12 silly view       '@ionic/cli-framework-output': '2.2.8',
12 silly view       '@ionic/cli-framework-prompts': '2.1.13',
12 silly view       '@ionic/utils-array': '2.1.6',
12 silly view       '@ionic/utils-fs': '3.1.7',
12 silly view       '@ionic/utils-network': '2.1.7',
12 silly view       '@ionic/utils-process': '2.1.12',
12 silly view       '@ionic/utils-stream': '3.1.7',
12 silly view       '@ionic/utils-subprocess': '3.0.1',
12 silly view       '@ionic/utils-terminal': '2.3.5',
12 silly view       chalk: '^4.0.0',
12 silly view       debug: '^4.0.0',
12 silly view       diff: '^4.0.1',
12 silly view       elementtree: '^0.1.7',
12 silly view       leek: '0.0.24',
12 silly view       lodash: '^4.17.5',
12 silly view       open: '^7.0.4',
12 silly view       'os-name': '^4.0.0',
12 silly view       'proxy-agent': '^6.3.0',
12 silly view       semver: '^7.1.1',
12 silly view       split2: '^3.0.0',
12 silly view       'ssh-config': '^1.1.1',
12 silly view       'stream-combiner2': '^1.1.1',
12 silly view       superagent: '^9.0.2',
12 silly view       tar: '^6.0.1',
12 silly view       tslib: '^2.0.1'
12 silly view     },
12 silly view     devDependencies: {
12 silly view       '@types/debug': '^4.1.1',
12 silly view       '@types/diff': '^4.0.0',
12 silly view       '@types/elementtree': '^0.1.0',
12 silly view       '@types/jest': '^26.0.10',
12 silly view       '@types/lodash': '^4.14.104',
12 silly view       '@types/node': '~16.0.0',
12 silly view       '@types/semver': '^7.1.0',
12 silly view       '@types/split2': '^2.1.6',
12 silly view       '@types/superagent': '4.1.3',
12 silly view       '@types/tar': '^6.1.2',
12 silly view       jest: '^26.4.2',
12 silly view       'jest-cli': '^26.0.1',
12 silly view       'lint-staged': '^10.0.2',
12 silly view       rimraf: '^3.0.0',
12 silly view       'source-map': '^0.7.0',
12 silly view       'ts-jest': '~26.3.0',
12 silly view       typescript: '~4.8.0'
12 silly view     },
12 silly view     gitHead: '54a76b5acccce994946c1cba6603d70918f1513d',
12 silly view     _nodeVersion: '18.20.7',
12 silly view     _npmVersion: '10.8.2',
12 silly view     dist: {
12 silly view       integrity: 'sha512-nrk7pj4RWZcslP7+7CTn1pt0Hgw0h94nuEG47YZoGu3zNSRvgq2OwLpWXo3t3cQvQucHd89IrNV44HD3l/VhBg==',
12 silly view       shasum: '7fc1c6aae85a408d5087970f5441647bcd5aeb5c',
12 silly view       tarball: 'https://registry.npmjs.org/@ionic/cli/-/cli-7.2.1.tgz',
12 silly view       fileCount: 317,
12 silly view       unpackedSize: 985692,
12 silly view       attestations: [Object],
12 silly view       signatures: [Array]
12 silly view     },
12 silly view     _npmUser: { name: 'ionicjs', email: 'hi@ionic.io' },
12 silly view     directories: {},
12 silly view     _npmOperationalInternal: {
12 silly view       host: 's3://npm-registry-packages-npm-production',
12 silly view       tmp: 'tmp/cli_7.2.1_1742311625882_0.38683125404069774'
12 silly view     },
12 silly view     _hasShrinkwrap: false
12 silly view   }
12 silly view }
13 verbose cwd /data/data/com.termux/files/home
14 verbose os Linux 6.6.30-android15-8-gcd3677c66895-ab12721575-4k
15 verbose node v25.3.0
16 verbose npm  v11.11.0
17 verbose exit 0
18 info ok
