0 verbose cli /data/data/com.termux/files/usr/bin/node /data/data/com.termux/files/usr/bin/npm
1 info using npm@11.11.0
2 info using node@v25.3.0
3 silly config load:file:/data/data/com.termux/files/usr/lib/node_modules/npm/npmrc
4 silly config load:file:/data/data/com.termux/files/home/SmartDeals/.npmrc
5 silly config load:file:/data/data/com.termux/files/home/.npmrc
6 silly config load:file:/data/data/com.termux/files/usr/etc/npmrc
7 verbose title npm i @capacitor/haptics @capacitor/app @capacitor/keyboard @capacitor/status-bar
8 verbose argv "i" "--save" "--save-exact" "@capacitor/haptics" "@capacitor/app" "@capacitor/keyboard" "@capacitor/status-bar"
9 verbose logfile logs-max:10 dir:/data/data/com.termux/files/home/.npm/_logs/2026-03-08T23_23_11_390Z-
10 verbose logfile /data/data/com.termux/files/home/.npm/_logs/2026-03-08T23_23_11_390Z-debug-0.log
11 silly logfile done cleaning log files
12 silly packumentCache heap:1174405120 maxSize:293601280 maxEntrySize:146800640
13 silly idealTree buildDeps
14 silly fetch manifest @capacitor/haptics@*
15 silly packumentCache full:https://registry.npmjs.org/@capacitor%2fhaptics cache-miss
16 http fetch GET 200 https://registry.npmjs.org/@capacitor%2fhaptics 2982ms (cache miss)
17 silly packumentCache full:https://registry.npmjs.org/@capacitor%2fhaptics set size:undefined disposed:false
18 silly fetch manifest @capacitor/core@8.2.0
19 silly packumentCache full:https://registry.npmjs.org/@capacitor%2fcore cache-miss
20 http fetch GET 200 https://registry.npmjs.org/@capacitor%2fcore 653ms (cache revalidated)
21 silly packumentCache full:https://registry.npmjs.org/@capacitor%2fcore set size:4176300 disposed:false
22 silly fetch manifest @capacitor/app@*
23 silly packumentCache full:https://registry.npmjs.org/@capacitor%2fapp cache-miss
24 http fetch GET 200 https://registry.npmjs.org/@capacitor%2fapp 1722ms (cache miss)
25 silly packumentCache full:https://registry.npmjs.org/@capacitor%2fapp set size:undefined disposed:false
26 silly fetch manifest @capacitor/keyboard@*
27 silly packumentCache full:https://registry.npmjs.org/@capacitor%2fkeyboard cache-miss
28 http fetch GET 200 https://registry.npmjs.org/@capacitor%2fkeyboard 1269ms (cache miss)
29 silly packumentCache full:https://registry.npmjs.org/@capacitor%2fkeyboard set size:undefined disposed:false
30 silly fetch manifest @capacitor/status-bar@*
31 silly packumentCache full:https://registry.npmjs.org/@capacitor%2fstatus-bar cache-miss
32 http fetch GET 200 https://registry.npmjs.org/@capacitor%2fstatus-bar 1080ms (cache miss)
33 silly packumentCache full:https://registry.npmjs.org/@capacitor%2fstatus-bar set size:undefined disposed:false
34 silly placeDep ROOT @capacitor/app@8.0.1 OK for: ionic-app-base@0.0.0 want: *
35 silly placeDep ROOT @capacitor/haptics@8.0.1 OK for: ionic-app-base@0.0.0 want: *
36 silly placeDep ROOT @capacitor/keyboard@8.0.1 OK for: ionic-app-base@0.0.0 want: *
37 silly placeDep ROOT @capacitor/status-bar@8.0.1 OK for: ionic-app-base@0.0.0 want: *
38 silly reify moves {}
39 silly audit bulk request {
39 silly audit   '@algolia/abtesting': [ '1.1.0' ],
39 silly audit   '@algolia/client-abtesting': [ '5.35.0' ],
39 silly audit   '@algolia/client-analytics': [ '5.35.0' ],
39 silly audit   '@algolia/client-common': [ '5.35.0' ],
39 silly audit   '@algolia/client-insights': [ '5.35.0' ],
39 silly audit   '@algolia/client-personalization': [ '5.35.0' ],
39 silly audit   '@algolia/client-query-suggestions': [ '5.35.0' ],
39 silly audit   '@algolia/client-search': [ '5.35.0' ],
39 silly audit   '@algolia/ingestion': [ '1.35.0' ],
39 silly audit   '@algolia/monitoring': [ '1.35.0' ],
39 silly audit   '@algolia/recommend': [ '5.35.0' ],
39 silly audit   '@algolia/requester-browser-xhr': [ '5.35.0' ],
39 silly audit   '@algolia/requester-fetch': [ '5.35.0' ],
39 silly audit   '@algolia/requester-node-http': [ '5.35.0' ],
39 silly audit   '@ampproject/remapping': [ '2.3.0' ],
39 silly audit   '@angular-devkit/architect': [ '0.2003.19' ],
39 silly audit   '@angular-devkit/build-angular': [ '20.3.19' ],
39 silly audit   '@angular-devkit/build-webpack': [ '0.2003.19' ],
39 silly audit   '@angular-devkit/core': [ '20.3.19' ],
39 silly audit   '@angular-devkit/schematics': [ '20.3.19' ],
39 silly audit   '@angular-eslint/builder': [ '20.7.0' ],
39 silly audit   '@angular-eslint/bundled-angular-compiler': [ '20.7.0' ],
39 silly audit   '@angular-eslint/eslint-plugin': [ '20.7.0' ],
39 silly audit   '@angular-eslint/eslint-plugin-template': [ '20.7.0' ],
39 silly audit   '@angular-eslint/schematics': [ '20.7.0' ],
39 silly audit   semver: [ '7.7.3', '6.3.1', '7.7.4', '5.7.2', '7.7.2' ],
39 silly audit   '@angular-eslint/template-parser': [ '20.7.0' ],
39 silly audit   '@angular-eslint/utils': [ '20.7.0' ],
39 silly audit   '@angular/animations': [ '20.3.17' ],
39 silly audit   '@angular/build': [ '20.3.19' ],
39 silly audit   '@angular/cli': [ '20.3.19' ],
39 silly audit   '@angular/common': [ '20.3.17' ],
39 silly audit   '@angular/compiler': [ '20.3.17' ],
39 silly audit   '@angular/compiler-cli': [ '20.3.17' ],
39 silly audit   '@angular/core': [ '20.3.17' ],
39 silly audit   '@angular/forms': [ '20.3.17' ],
39 silly audit   '@angular/language-service': [ '20.3.17' ],
39 silly audit   '@angular/platform-browser': [ '20.3.17' ],
39 silly audit   '@angular/platform-browser-dynamic': [ '20.3.17' ],
39 silly audit   '@angular/router': [ '20.3.17' ],
39 silly audit   '@babel/code-frame': [ '7.29.0' ],
39 silly audit   '@babel/compat-data': [ '7.29.0' ],
39 silly audit   '@babel/core': [ '7.28.3' ],
39 silly audit   'convert-source-map': [ '2.0.0', '1.9.0' ],
39 silly audit   '@babel/generator': [ '7.28.3', '7.29.1' ],
39 silly audit   '@babel/helper-annotate-as-pure': [ '7.27.3' ],
39 silly audit   '@babel/helper-compilation-targets': [ '7.28.6' ],
39 silly audit   '@babel/helper-create-class-features-plugin': [ '7.28.6' ],
39 silly audit   '@babel/helper-create-regexp-features-plugin': [ '7.28.5' ],
39 silly audit   '@babel/helper-define-polyfill-provider': [ '0.6.7' ],
39 silly audit   resolve: [ '1.22.11', '1.22.10' ],
39 silly audit   '@babel/helper-globals': [ '7.28.0' ],
39 silly audit   '@babel/helper-member-expression-to-functions': [ '7.28.5' ],
39 silly audit   '@babel/helper-module-imports': [ '7.28.6' ],
39 silly audit   '@babel/helper-module-transforms': [ '7.28.6' ],
39 silly audit   '@babel/helper-optimise-call-expression': [ '7.27.1' ],
39 silly audit   '@babel/helper-plugin-utils': [ '7.28.6' ],
39 silly audit   '@babel/helper-remap-async-to-generator': [ '7.27.1' ],
39 silly audit   '@babel/helper-replace-supers': [ '7.28.6' ],
39 silly audit   '@babel/helper-skip-transparent-expression-wrappers': [ '7.27.1' ],
39 silly audit   '@babel/helper-split-export-declaration': [ '7.24.7' ],
39 silly audit   '@babel/helper-string-parser': [ '7.27.1' ],
39 silly audit   '@babel/helper-validator-identifier': [ '7.28.5' ],
39 silly audit   '@babel/helper-validator-option': [ '7.27.1' ],
39 silly audit   '@babel/helper-wrap-function': [ '7.28.6' ],
39 silly audit   '@babel/helpers': [ '7.28.6' ],
39 silly audit   '@babel/parser': [ '7.29.0' ],
39 silly audit   '@babel/plugin-bugfix-firefox-class-in-computed-class-key': [ '7.28.5' ],
39 silly audit   '@babel/plugin-bugfix-safari-class-field-initializer-scope': [ '7.27.1' ],
39 silly audit   '@babel/plugin-bugfix-safari-id-destructuring-collision-in-function-expression': [ '7.27.1' ],
39 silly audit   '@babel/plugin-bugfix-v8-spread-parameters-in-optional-chaining': [ '7.27.1' ],
39 silly audit   '@babel/plugin-bugfix-v8-static-class-fields-redefine-readonly': [ '7.28.6' ],
39 silly audit   '@babel/plugin-proposal-private-property-in-object': [ '7.21.0-placeholder-for-preset-env.2' ],
39 silly audit   '@babel/plugin-syntax-import-assertions': [ '7.28.6' ],
39 silly audit   '@babel/plugin-syntax-import-attributes': [ '7.28.6' ],
39 silly audit   '@babel/plugin-syntax-unicode-sets-regex': [ '7.18.6' ],
39 silly audit   '@babel/plugin-transform-arrow-functions': [ '7.27.1' ],
39 silly audit   '@babel/plugin-transform-async-generator-functions': [ '7.28.0' ],
39 silly audit   '@babel/plugin-transform-async-to-generator': [ '7.27.1' ],
39 silly audit   '@babel/plugin-transform-block-scoped-functions': [ '7.27.1' ],
39 silly audit   '@babel/plugin-transform-block-scoping': [ '7.28.6' ],
39 silly audit   '@babel/plugin-transform-class-properties': [ '7.28.6' ],
39 silly audit   '@babel/plugin-transform-class-static-block': [ '7.28.6' ],
39 silly audit   '@babel/plugin-transform-classes': [ '7.28.6' ],
39 silly audit   '@babel/plugin-transform-computed-properties': [ '7.28.6' ],
39 silly audit   '@babel/plugin-transform-destructuring': [ '7.28.5' ],
39 silly audit   '@babel/plugin-transform-dotall-regex': [ '7.28.6' ],
39 silly audit   '@babel/plugin-transform-duplicate-keys': [ '7.27.1' ],
39 silly audit   '@babel/plugin-transform-duplicate-named-capturing-groups-regex': [ '7.29.0' ],
39 silly audit   '@babel/plugin-transform-dynamic-import': [ '7.27.1' ],
39 silly audit   '@babel/plugin-transform-explicit-resource-management': [ '7.28.6' ],
39 silly audit   '@babel/plugin-transform-exponentiation-operator': [ '7.28.6' ],
39 silly audit   '@babel/plugin-transform-export-namespace-from': [ '7.27.1' ],
39 silly audit   '@babel/plugin-transform-for-of': [ '7.27.1' ],
39 silly audit   '@babel/plugin-transform-function-name': [ '7.27.1' ],
39 silly audit   '@babel/plugin-transform-json-strings': [ '7.28.6' ],
39 silly audit   '@babel/plugin-transform-literals': [ '7.27.1' ],
39 silly audit   '@babel/plugin-transform-logical-assignment-operators': [ '7.28.6' ],
39 silly audit   '@babel/plugin-transform-member-expression-literals': [ '7.27.1' ],
39 silly audit   '@babel/plugin-transform-modules-amd': [ '7.27.1' ],
39 silly audit   '@babel/plugin-transform-modules-commonjs': [ '7.28.6' ],
39 silly audit   '@babel/plugin-transform-modules-systemjs': [ '7.29.0' ],
39 silly audit   '@babel/plugin-transform-modules-umd': [ '7.27.1' ],
39 silly audit   '@babel/plugin-transform-named-capturing-groups-regex': [ '7.29.0' ],
39 silly audit   '@babel/plugin-transform-new-target': [ '7.27.1' ],
39 silly audit   '@babel/plugin-transform-nullish-coalescing-operator': [ '7.28.6' ],
39 silly audit   '@babel/plugin-transform-numeric-separator': [ '7.28.6' ],
39 silly audit   '@babel/plugin-transform-object-rest-spread': [ '7.28.6' ],
39 silly audit   '@babel/plugin-transform-object-super': [ '7.27.1' ],
39 silly audit   '@babel/plugin-transform-optional-catch-binding': [ '7.28.6' ],
39 silly audit   '@babel/plugin-transform-optional-chaining': [ '7.28.6' ],
39 silly audit   '@babel/plugin-transform-parameters': [ '7.27.7' ],
39 silly audit   '@babel/plugin-transform-private-methods': [ '7.28.6' ],
39 silly audit   '@babel/plugin-transform-private-property-in-object': [ '7.28.6' ],
39 silly audit   '@babel/plugin-transform-property-literals': [ '7.27.1' ],
39 silly audit   '@babel/plugin-transform-regenerator': [ '7.29.0' ],
39 silly audit   '@babel/plugin-transform-regexp-modifiers': [ '7.28.6' ],
39 silly audit   '@babel/plugin-transform-reserved-words': [ '7.27.1' ],
39 silly audit   '@babel/plugin-transform-runtime': [ '7.28.3' ],
39 silly audit   '@babel/plugin-transform-shorthand-properties': [ '7.27.1' ],
39 silly audit   '@babel/plugin-transform-spread': [ '7.28.6' ],
39 silly audit   '@babel/plugin-transform-sticky-regex': [ '7.27.1' ],
39 silly audit   '@babel/plugin-transform-template-literals': [ '7.27.1' ],
39 silly audit   '@babel/plugin-transform-typeof-symbol': [ '7.27.1' ],
39 silly audit   '@babel/plugin-transform-unicode-escapes': [ '7.27.1' ],
39 silly audit   '@babel/plugin-transform-unicode-property-regex': [ '7.28.6' ],
39 silly audit   '@babel/plugin-transform-unicode-regex': [ '7.27.1' ],
39 silly audit   '@babel/plugin-transform-unicode-sets-regex': [ '7.28.6' ],
39 silly audit   '@babel/preset-env': [ '7.28.3' ],
39 silly audit   '@babel/preset-modules': [ '0.1.6-no-external-plugins' ],
39 silly audit   '@babel/runtime': [ '7.28.3' ],
39 silly audit   '@babel/template': [ '7.28.6' ],
39 silly audit   '@babel/traverse': [ '7.29.0' ],
39 silly audit   '@babel/types': [ '7.29.0' ],
39 silly audit   '@capacitor/cli': [ '8.2.0' ],
39 silly audit   commander: [ '12.1.0', '2.20.3' ],
39 silly audit   'define-lazy-prop': [ '2.0.0', '3.0.0' ],
39 silly audit   'fs-extra': [ '11.3.4', '9.1.0', '8.1.0' ],
39 silly audit   glob: [ '13.0.6', '7.2.3' ],
39 silly audit   'is-docker': [ '2.2.1', '3.0.0' ],
39 silly audit   'is-wsl': [ '2.2.0', '3.1.1' ],
39 silly audit   jsonfile: [ '6.2.0', '4.0.0' ],
39 silly audit   open: [ '8.4.2', '10.2.0' ],
39 silly audit   rimraf: [ '6.1.3', '3.0.2' ],
39 silly audit   universalify: [ '2.0.1', '0.1.2' ],
39 silly audit   '@capacitor/core': [ '8.2.0' ],
39 silly audit   '@colors/colors': [ '1.5.0' ],
39 silly audit   '@discoveryjs/json-ext': [ '0.6.3' ],
39 silly audit   '@es-joy/jsdoccomment': [ '0.46.0' ],
39 silly audit   '@esbuild/aix-ppc64': [ '0.25.9' ],
39 silly audit   '@esbuild/android-arm': [ '0.25.9' ],
39 silly audit   '@esbuild/android-arm64': [ '0.25.9' ],
39 silly audit   '@esbuild/android-x64': [ '0.25.9' ],
39 silly audit   '@esbuild/darwin-arm64': [ '0.25.9' ],
39 silly audit   '@esbuild/darwin-x64': [ '0.25.9' ],
39 silly audit   '@esbuild/freebsd-arm64': [ '0.25.9' ],
39 silly audit   '@esbuild/freebsd-x64': [ '0.25.9' ],
39 silly audit   '@esbuild/linux-arm': [ '0.25.9' ],
39 silly audit   '@esbuild/linux-arm64': [ '0.25.9' ],
39 silly audit   '@esbuild/linux-ia32': [ '0.25.9' ],
39 silly audit   '@esbuild/linux-loong64': [ '0.25.9' ],
39 silly audit   '@esbuild/linux-mips64el': [ '0.25.9' ],
39 silly audit   '@esbuild/linux-ppc64': [ '0.25.9' ],
39 silly audit   '@esbuild/linux-riscv64': [ '0.25.9' ],
39 silly audit   '@esbuild/linux-s390x': [ '0.25.9' ],
39 silly audit   '@esbuild/linux-x64': [ '0.25.9' ],
39 silly audit   '@esbuild/netbsd-arm64': [ '0.25.9' ],
39 silly audit   '@esbuild/netbsd-x64': [ '0.25.9' ],
39 silly audit   '@esbuild/openbsd-arm64': [ '0.25.9' ],
39 silly audit   '@esbuild/openbsd-x64': [ '0.25.9' ],
39 silly audit   '@esbuild/openharmony-arm64': [ '0.25.9' ],
39 silly audit   '@esbuild/sunos-x64': [ '0.25.9' ],
39 silly audit   '@esbuild/win32-arm64': [ '0.25.9' ],
39 silly audit   '@esbuild/win32-ia32': [ '0.25.9' ],
39 silly audit   '@esbuild/win32-x64': [ '0.25.9' ],
39 silly audit   '@eslint-community/eslint-utils': [ '4.9.1' ],
39 silly audit   '@eslint-community/regexpp': [ '4.12.2' ],
39 silly audit   '@eslint/config-array': [ '0.21.2' ],
39 silly audit   'balanced-match': [ '1.0.2', '4.0.4' ],
39 silly audit   'brace-expansion': [ '1.1.12', '5.0.4' ],
39 silly audit   minimatch: [ '3.1.5', '10.2.4' ],
39 silly audit   '@eslint/config-helpers': [ '0.4.2' ],
39 silly audit   '@eslint/core': [ '0.17.0' ],
39 silly audit   '@eslint/eslintrc': [ '3.3.5' ],
39 silly audit   ajv: [ '6.14.0', '8.18.0' ],
39 silly audit   ignore: [ '5.3.2', '7.0.5' ],
39 silly audit   'json-schema-traverse': [ '0.4.1', '1.0.0' ],
39 silly audit   '@eslint/js': [ '9.39.4' ],
39 silly audit   '@eslint/object-schema': [ '2.1.7' ],
39 silly audit   '@eslint/plugin-kit': [ '0.4.1' ],
39 silly audit   '@gar/promise-retry': [ '1.0.2' ],
39 silly audit   '@hono/node-server': [ '1.19.11' ],
39 silly audit   '@humanfs/core': [ '0.19.1' ],
39 silly audit   '@humanfs/node': [ '0.16.7' ],
39 silly audit   '@humanwhocodes/module-importer': [ '1.0.1' ],
39 silly audit   '@humanwhocodes/retry': [ '0.4.3' ],
39 silly audit   '@inquirer/ansi': [ '1.0.2' ],
39 silly audit   '@inquirer/checkbox': [ '4.3.2' ],
39 silly audit   '@inquirer/confirm': [ '5.1.14' ],
39 silly audit   '@inquirer/core': [ '10.3.2' ],
39 silly audit   '@inquirer/editor': [ '4.2.23' ],
39 silly audit   '@inquirer/expand': [ '4.0.23' ],
39 silly audit   '@inquirer/external-editor': [ '1.0.3' ],
39 silly audit   '@inquirer/figures': [ '1.0.15' ],
39 silly audit   '@inquirer/input': [ '4.3.1' ],
39 silly audit   '@inquirer/number': [ '3.0.23' ],
39 silly audit   '@inquirer/password': [ '4.0.23' ],
39 silly audit   '@inquirer/prompts': [ '7.8.2' ],
39 silly audit   '@inquirer/rawlist': [ '4.1.11' ],
39 silly audit   '@inquirer/search': [ '3.2.2' ],
39 silly audit   '@inquirer/select': [ '4.4.2' ],
39 silly audit   '@inquirer/type': [ '3.0.10' ],
39 silly audit   '@ionic/angular': [ '8.8.1' ],
39 silly audit   '@ionic/angular-toolkit': [ '12.3.0' ],
39 silly audit   ionicons: [ '8.0.13', '7.4.0' ],
39 silly audit   '@ionic/cli-framework-output': [ '2.2.8' ],
39 silly audit   '@ionic/core': [ '8.8.1' ],
39 silly audit   '@ionic/utils-array': [ '2.1.6' ],
39 silly audit   '@ionic/utils-fs': [ '3.1.7' ],
39 silly audit   '@ionic/utils-object': [ '2.1.6' ],
39 silly audit   '@ionic/utils-process': [ '2.1.12' ],
39 silly audit   'signal-exit': [ '3.0.7', '4.1.0' ],
39 silly audit   '@ionic/utils-stream': [ '3.1.7' ],
39 silly audit   '@ionic/utils-subprocess': [ '3.0.1' ],
39 silly audit   '@ionic/utils-terminal': [ '2.3.5' ],
39 silly audit   'ansi-regex': [ '5.0.1', '6.2.2' ],
39 silly audit   'emoji-regex': [ '8.0.0', '10.6.0' ],
39 silly audit   'is-fullwidth-code-point': [ '3.0.0', '4.0.0', '5.1.0' ],
39 silly audit   'slice-ansi': [ '4.0.0', '7.1.2', '5.0.0' ],
39 silly audit   'string-width': [ '4.2.3', '7.2.0' ],
39 silly audit   'strip-ansi': [ '6.0.1', '7.2.0' ],
39 silly audit   'wrap-ansi': [ '7.0.0', '9.0.2', '6.2.0' ],
39 silly audit   '@isaacs/fs-minipass': [ '4.0.1' ],
39 silly audit   '@istanbuljs/schema': [ '0.1.3' ],
39 silly audit   '@jridgewell/gen-mapping': [ '0.3.13' ],
39 silly audit   '@jridgewell/resolve-uri': [ '3.1.2' ],
39 silly audit   '@jridgewell/source-map': [ '0.3.11' ],
39 silly audit   '@jridgewell/sourcemap-codec': [ '1.5.5' ],
39 silly audit   '@jridgewell/trace-mapping': [ '0.3.31' ],
39 silly audit   '@jsonjoy.com/base64': [ '1.1.2', '17.67.0' ],
39 silly audit   '@jsonjoy.com/buffers': [ '17.67.0', '1.2.1' ],
39 silly audit   '@jsonjoy.com/codegen': [ '1.0.0', '17.67.0' ],
39 silly audit   '@jsonjoy.com/fs-core': [ '4.56.11' ],
39 silly audit   '@jsonjoy.com/fs-fsa': [ '4.56.11' ],
39 silly audit   '@jsonjoy.com/fs-node': [ '4.56.11' ],
39 silly audit   '@jsonjoy.com/fs-node-builtins': [ '4.56.11' ],
39 silly audit   '@jsonjoy.com/fs-node-to-fsa': [ '4.56.11' ],
39 silly audit   '@jsonjoy.com/fs-node-utils': [ '4.56.11' ],
39 silly audit   '@jsonjoy.com/fs-print': [ '4.56.11' ],
39 silly audit   '@jsonjoy.com/fs-snapshot': [ '4.56.11' ],
39 silly audit   '@jsonjoy.com/json-pack': [ '17.67.0', '1.21.0' ],
39 silly audit   '@jsonjoy.com/json-pointer': [ '17.67.0', '1.0.2' ],
39 silly audit   '@jsonjoy.com/util': [ '17.67.0', '1.9.0' ],
39 silly audit   '@leichtgewicht/ip-codec': [ '2.0.5' ],
39 silly audit   '@listr2/prompt-adapter-inquirer': [ '3.0.1' ],
39 silly audit   '@lmdb/lmdb-darwin-arm64': [ '3.4.2' ],
39 silly audit   '@lmdb/lmdb-darwin-x64': [ '3.4.2' ],
39 silly audit   '@lmdb/lmdb-linux-arm': [ '3.4.2' ],
39 silly audit   '@lmdb/lmdb-linux-arm64': [ '3.4.2' ],
39 silly audit   '@lmdb/lmdb-linux-x64': [ '3.4.2' ],
39 silly audit   '@lmdb/lmdb-win32-arm64': [ '3.4.2' ],
39 silly audit   '@lmdb/lmdb-win32-x64': [ '3.4.2' ],
39 silly audit   '@modelcontextprotocol/sdk': [ '1.26.0' ],
39 silly audit   '@msgpackr-extract/msgpackr-extract-darwin-arm64': [ '3.0.3' ],
39 silly audit   '@msgpackr-extract/msgpackr-extract-darwin-x64': [ '3.0.3' ],
39 silly audit   '@msgpackr-extract/msgpackr-extract-linux-arm': [ '3.0.3' ],
39 silly audit   '@msgpackr-extract/msgpackr-extract-linux-arm64': [ '3.0.3' ],
39 silly audit   '@msgpackr-extract/msgpackr-extract-linux-x64': [ '3.0.3' ],
39 silly audit   '@msgpackr-extract/msgpackr-extract-win32-x64': [ '3.0.3' ],
39 silly audit   '@napi-rs/nice': [ '1.1.1' ],
39 silly audit   '@napi-rs/nice-android-arm-eabi': [ '1.1.1' ],
39 silly audit   '@napi-rs/nice-android-arm64': [ '1.1.1' ],
39 silly audit   '@napi-rs/nice-darwin-arm64': [ '1.1.1' ],
39 silly audit   '@napi-rs/nice-darwin-x64': [ '1.1.1' ],
39 silly audit   '@napi-rs/nice-freebsd-x64': [ '1.1.1' ],
39 silly audit   '@napi-rs/nice-linux-arm-gnueabihf': [ '1.1.1' ],
39 silly audit   '@napi-rs/nice-linux-arm64-gnu': [ '1.1.1' ],
39 silly audit   '@napi-rs/nice-linux-arm64-musl': [ '1.1.1' ],
39 silly audit   '@napi-rs/nice-linux-ppc64-gnu': [ '1.1.1' ],
39 silly audit   '@napi-rs/nice-linux-riscv64-gnu': [ '1.1.1' ],
39 silly audit   '@napi-rs/nice-linux-s390x-gnu': [ '1.1.1' ],
39 silly audit   '@napi-rs/nice-linux-x64-gnu': [ '1.1.1' ],
39 silly audit   '@napi-rs/nice-linux-x64-musl': [ '1.1.1' ],
39 silly audit   '@napi-rs/nice-openharmony-arm64': [ '1.1.1' ],
39 silly audit   '@napi-rs/nice-win32-arm64-msvc': [ '1.1.1' ],
39 silly audit   '@napi-rs/nice-win32-ia32-msvc': [ '1.1.1' ],
39 silly audit   '@napi-rs/nice-win32-x64-msvc': [ '1.1.1' ],
39 silly audit   '@ngtools/webpack': [ '20.3.19' ],
39 silly audit   '@nodelib/fs.scandir': [ '2.1.5' ],
39 silly audit   '@nodelib/fs.stat': [ '2.0.5' ],
39 silly audit   '@nodelib/fs.walk': [ '1.2.8' ],
39 silly audit   '@npmcli/agent': [ '4.0.0' ],
39 silly audit   'lru-cache': [ '11.2.6', '5.1.1' ],
39 silly audit   '@npmcli/fs': [ '5.0.0' ],
39 silly audit   '@npmcli/git': [ '7.0.2' ],
39 silly audit   ini: [ '6.0.0', '5.0.0', '4.1.3' ],
39 silly audit   isexe: [ '4.0.0', '2.0.0' ],
39 silly audit   'proc-log': [ '6.1.0', '5.0.0' ],
39 silly audit   which: [ '6.0.1', '1.3.1', '2.0.2' ],
39 silly audit   '@npmcli/installed-package-contents': [ '4.0.0' ],
39 silly audit   '@npmcli/node-gyp': [ '5.0.0' ],
39 silly audit   '@npmcli/package-json': [ '7.0.5' ],
39 silly audit   '@npmcli/promise-spawn': [ '9.0.1' ],
39 silly audit   '@npmcli/redact': [ '4.0.0' ],
39 silly audit   '@npmcli/run-script': [ '10.0.4' ],
39 silly audit   '@parcel/watcher': [ '2.5.6' ],
39 silly audit   '@parcel/watcher-android-arm64': [ '2.5.6' ],
39 silly audit   '@parcel/watcher-darwin-arm64': [ '2.5.6' ],
39 silly audit   '@parcel/watcher-darwin-x64': [ '2.5.6' ],
39 silly audit   '@parcel/watcher-freebsd-x64': [ '2.5.6' ],
39 silly audit   '@parcel/watcher-linux-arm-glibc': [ '2.5.6' ],
39 silly audit   '@parcel/watcher-linux-arm-musl': [ '2.5.6' ],
39 silly audit   '@parcel/watcher-linux-arm64-glibc': [ '2.5.6' ],
39 silly audit   '@parcel/watcher-linux-arm64-musl': [ '2.5.6' ],
39 silly audit   '@parcel/watcher-linux-x64-glibc': [ '2.5.6' ],
39 silly audit   '@parcel/watcher-linux-x64-musl': [ '2.5.6' ],
39 silly audit   '@parcel/watcher-win32-arm64': [ '2.5.6' ],
39 silly audit   '@parcel/watcher-win32-ia32': [ '2.5.6' ],
39 silly audit   '@parcel/watcher-win32-x64': [ '2.5.6' ],
39 silly audit   'node-addon-api': [ '7.1.1', '6.1.0' ],
39 silly audit   '@pkgr/core': [ '0.1.2' ],
39 silly audit   '@rollup/rollup-android-arm-eabi': [ '4.59.0' ],
39 silly audit   '@rollup/rollup-android-arm64': [ '4.59.0' ],
39 silly audit   '@rollup/rollup-darwin-arm64': [ '4.34.9', '4.59.0' ],
39 silly audit   '@rollup/rollup-darwin-x64': [ '4.34.9', '4.59.0' ],
39 silly audit   '@rollup/rollup-freebsd-arm64': [ '4.59.0' ],
39 silly audit   '@rollup/rollup-freebsd-x64': [ '4.59.0' ],
39 silly audit   '@rollup/rollup-linux-arm-gnueabihf': [ '4.59.0' ],
39 silly audit   '@rollup/rollup-linux-arm-musleabihf': [ '4.59.0' ],
39 silly audit   '@rollup/rollup-linux-arm64-gnu': [ '4.34.9', '4.59.0' ],
39 silly audit   '@rollup/rollup-linux-arm64-musl': [ '4.34.9', '4.59.0' ],
39 silly audit   '@rollup/rollup-linux-loong64-gnu': [ '4.59.0' ],
39 silly audit   '@rollup/rollup-linux-loong64-musl': [ '4.59.0' ],
39 silly audit   '@rollup/rollup-linux-ppc64-gnu': [ '4.59.0' ],
39 silly audit   '@rollup/rollup-linux-ppc64-musl': [ '4.59.0' ],
39 silly audit   '@rollup/rollup-linux-riscv64-gnu': [ '4.59.0' ],
39 silly audit   '@rollup/rollup-linux-riscv64-musl': [ '4.59.0' ],
39 silly audit   '@rollup/rollup-linux-s390x-gnu': [ '4.59.0' ],
39 silly audit   '@rollup/rollup-linux-x64-gnu': [ '4.34.9', '4.59.0' ],
39 silly audit   '@rollup/rollup-linux-x64-musl': [ '4.34.9', '4.59.0' ],
39 silly audit   '@rollup/rollup-openbsd-x64': [ '4.59.0' ],
39 silly audit   '@rollup/rollup-openharmony-arm64': [ '4.59.0' ],
39 silly audit   '@rollup/rollup-win32-arm64-msvc': [ '4.34.9', '4.59.0' ],
39 silly audit   '@rollup/rollup-win32-ia32-msvc': [ '4.59.0' ],
39 silly audit   '@rollup/rollup-win32-x64-gnu': [ '4.59.0' ],
39 silly audit   '@rollup/rollup-win32-x64-msvc': [ '4.34.9', '4.59.0' ],
39 silly audit   '@rtsao/scc': [ '1.1.0' ],
39 silly audit   '@schematics/angular': [ '20.3.19' ],
39 silly audit   '@sigstore/bundle': [ '4.0.0' ],
39 silly audit   '@sigstore/core': [ '3.1.0' ],
39 silly audit   '@sigstore/protobuf-specs': [ '0.5.0' ],
39 silly audit   '@sigstore/sign': [ '4.1.0' ],
39 silly audit   '@sigstore/tuf': [ '4.0.1' ],
39 silly audit   '@sigstore/verify': [ '3.1.0' ],
39 silly audit   '@socket.io/component-emitter': [ '3.1.2' ],
39 silly audit   '@stencil/core': [ '4.43.0' ],
39 silly audit   '@tufjs/canonical-json': [ '2.0.0' ],
39 silly audit   '@tufjs/models': [ '4.1.0' ],
39 silly audit   '@types/body-parser': [ '1.19.6' ],
39 silly audit   '@types/bonjour': [ '3.5.13' ],
39 silly audit   '@types/connect': [ '3.4.38' ],
39 silly audit   '@types/connect-history-api-fallback': [ '1.5.4' ],
39 silly audit   '@types/cors': [ '2.8.19' ],
39 silly audit   '@types/eslint': [ '9.6.1' ],
39 silly audit   '@types/eslint-scope': [ '3.7.7' ],
39 silly audit   '@types/esrecurse': [ '4.3.1' ],
39 silly audit   '@types/estree': [ '1.0.8' ],
39 silly audit   '@types/express': [ '4.17.25' ],
39 silly audit   '@types/express-serve-static-core': [ '4.19.8' ],
39 silly audit   '@types/fs-extra': [ '8.1.5' ],
39 silly audit   '@types/http-errors': [ '2.0.5' ],
39 silly audit   '@types/http-proxy': [ '1.17.17' ],
39 silly audit   '@types/jasmine': [ '5.1.15' ],
39 silly audit   '@types/json-schema': [ '7.0.15' ],
39 silly audit   '@types/json5': [ '0.0.29' ],
39 silly audit   '@types/mime': [ '1.3.5' ],
39 silly audit   '@types/node': [ '25.3.5' ],
39 silly audit   '@types/node-forge': [ '1.3.14' ],
39 silly audit   '@types/qs': [ '6.15.0' ],
39 silly audit   '@types/range-parser': [ '1.2.7' ],
39 silly audit   '@types/retry': [ '0.12.2' ],
39 silly audit   '@types/send': [ '1.2.1', '0.17.6' ],
39 silly audit   '@types/serve-index': [ '1.9.4' ],
39 silly audit   '@types/serve-static': [ '1.15.10' ],
39 silly audit   '@types/slice-ansi': [ '4.0.0' ],
39 silly audit   '@types/sockjs': [ '0.3.36' ],
39 silly audit   '@types/ws': [ '8.18.1' ],
39 silly audit   '@typescript-eslint/eslint-plugin': [ '8.56.1' ],
39 silly audit   '@typescript-eslint/parser': [ '8.56.1' ],
39 silly audit   '@typescript-eslint/project-service': [ '8.56.1' ],
39 silly audit   '@typescript-eslint/scope-manager': [ '8.56.1' ],
39 silly audit   '@typescript-eslint/tsconfig-utils': [ '8.56.1' ],
39 silly audit   '@typescript-eslint/type-utils': [ '8.56.1' ],
39 silly audit   '@typescript-eslint/types': [ '8.56.1' ],
39 silly audit   '@typescript-eslint/typescript-estree': [ '8.56.1' ],
39 silly audit   tinyglobby: [ '0.2.15', '0.2.14' ],
39 silly audit   '@typescript-eslint/utils': [ '8.56.1' ],
39 silly audit   '@typescript-eslint/visitor-keys': [ '8.56.1' ],
39 silly audit   'eslint-visitor-keys': [ '5.0.1', '3.4.3', '4.2.1' ],
39 silly audit   '@vitejs/plugin-basic-ssl': [ '2.1.0' ],
39 silly audit   '@webassemblyjs/ast': [ '1.14.1' ],
39 silly audit   '@webassemblyjs/floating-point-hex-parser': [ '1.13.2' ],
39 silly audit   '@webassemblyjs/helper-api-error': [ '1.13.2' ],
39 silly audit   '@webassemblyjs/helper-buffer': [ '1.14.1' ],
39 silly audit   '@webassemblyjs/helper-numbers': [ '1.13.2' ],
39 silly audit   '@webassemblyjs/helper-wasm-bytecode': [ '1.13.2' ],
39 silly audit   '@webassemblyjs/helper-wasm-section': [ '1.14.1' ],
39 silly audit   '@webassemblyjs/ieee754': [ '1.13.2' ],
39 silly audit   '@webassemblyjs/leb128': [ '1.13.2' ],
39 silly audit   '@webassemblyjs/utf8': [ '1.13.2' ],
39 silly audit   '@webassemblyjs/wasm-edit': [ '1.14.1' ],
39 silly audit   '@webassemblyjs/wasm-gen': [ '1.14.1' ],
39 silly audit   '@webassemblyjs/wasm-opt': [ '1.14.1' ],
39 silly audit   '@webassemblyjs/wasm-parser': [ '1.14.1' ],
39 silly audit   '@webassemblyjs/wast-printer': [ '1.14.1' ],
39 silly audit   '@xmldom/xmldom': [ '0.8.11' ],
39 silly audit   '@xtuc/ieee754': [ '1.2.0' ],
39 silly audit   '@xtuc/long': [ '4.2.2' ],
39 silly audit   '@yarnpkg/lockfile': [ '1.1.0' ],
39 silly audit   abbrev: [ '4.0.0' ],
39 silly audit   accepts: [ '2.0.0', '1.3.8' ],
39 silly audit   acorn: [ '8.16.0' ],
39 silly audit   'acorn-import-phases': [ '1.0.4' ],
39 silly audit   'acorn-jsx': [ '5.3.2' ],
39 silly audit   'adjust-sourcemap-loader': [ '4.0.0' ],
39 silly audit   'loader-utils': [ '2.0.4', '3.3.1' ],
39 silly audit   'agent-base': [ '7.1.4' ],
39 silly audit   'ajv-formats': [ '3.0.1', '2.1.1' ],
39 silly audit   'ajv-keywords': [ '5.1.0' ],
39 silly audit   algoliasearch: [ '5.35.0' ],
39 silly audit   'ansi-colors': [ '4.1.3' ],
39 silly audit   'ansi-escapes': [ '7.3.0' ],
39 silly audit   'ansi-html-community': [ '0.0.8' ],
39 silly audit   'ansi-styles': [ '4.3.0', '6.2.3' ],
39 silly audit   anymatch: [ '3.1.3' ],
39 silly audit   picomatch: [ '2.3.1', '4.0.3' ],
39 silly audit   'are-docs-informative': [ '0.0.2' ],
39 silly audit   argparse: [ '2.0.1' ],
39 silly audit   'aria-query': [ '5.3.2' ],
39 silly audit   'array-buffer-byte-length': [ '1.0.2' ],
39 silly audit   'array-flatten': [ '1.1.1' ],
39 silly audit   'array-includes': [ '3.1.9' ],
39 silly audit   'array.prototype.findlastindex': [ '1.2.6' ],
39 silly audit   'array.prototype.flat': [ '1.3.3' ],
39 silly audit   'array.prototype.flatmap': [ '1.3.3' ],
39 silly audit   'arraybuffer.prototype.slice': [ '1.0.4' ],
39 silly audit   'astral-regex': [ '2.0.0' ],
39 silly audit   'async-function': [ '1.0.0' ],
39 silly audit   'at-least-node': [ '1.0.0' ],
39 silly audit   autoprefixer: [ '10.4.21' ],
39 silly audit   'available-typed-arrays': [ '1.0.7' ],
39 silly audit   'axobject-query': [ '4.1.0' ],
39 silly audit   'babel-loader': [ '10.0.0' ],
39 silly audit   'babel-plugin-polyfill-corejs2': [ '0.4.16' ],
39 silly audit   'babel-plugin-polyfill-corejs3': [ '0.13.0' ],
39 silly audit   'babel-plugin-polyfill-regenerator': [ '0.6.7' ],
39 silly audit   'base64-js': [ '1.5.1' ],
39 silly audit   base64id: [ '2.0.0' ],
39 silly audit   'baseline-browser-mapping': [ '2.10.0' ],
39 silly audit   batch: [ '0.6.1' ],
39 silly audit   beasties: [ '0.3.5' ],
39 silly audit   'big-integer': [ '1.6.52' ],
39 silly audit   'big.js': [ '5.2.2' ],
39 silly audit   'binary-extensions': [ '2.3.0' ],
39 silly audit   'body-parser': [ '2.2.2', '1.20.4' ],
39 silly audit   'bonjour-service': [ '1.3.0' ],
39 silly audit   boolbase: [ '1.0.0' ],
39 silly audit   'bplist-parser': [ '0.3.2' ],
39 silly audit   braces: [ '3.0.3' ],
39 silly audit   browserslist: [ '4.28.1' ],
39 silly audit   'buffer-crc32': [ '0.2.13' ],
39 silly audit   'buffer-from': [ '1.1.2' ],
39 silly audit   'bundle-name': [ '4.1.0' ],
39 silly audit   bytes: [ '3.1.2' ],
39 silly audit   cacache: [ '20.0.3' ],
39 silly audit   'call-bind': [ '1.0.8' ],
39 silly audit   'call-bind-apply-helpers': [ '1.0.2' ],
39 silly audit   'call-bound': [ '1.0.4' ],
39 silly audit   callsites: [ '3.1.0' ],
39 silly audit   'caniuse-lite': [ '1.0.30001777' ],
39 silly audit   chalk: [ '4.1.2', '5.6.2' ],
39 silly audit   chardet: [ '2.1.1' ],
39 silly audit   chokidar: [ '4.0.3', '3.6.0' ],
39 silly audit   chownr: [ '3.0.0' ],
39 silly audit   'chrome-trace-event': [ '1.0.4' ],
39 silly audit   'cli-cursor': [ '5.0.0' ],
39 silly audit   'cli-spinners': [ '2.9.2' ],
39 silly audit   'cli-truncate': [ '4.0.0' ],
39 silly audit   'cli-width': [ '4.1.0' ],
39 silly audit   cliui: [ '9.0.1', '7.0.4' ],
39 silly audit   'clone-deep': [ '4.0.1' ],
39 silly audit   'is-plain-object': [ '2.0.4', '5.0.0' ],
39 silly audit   'color-convert': [ '2.0.1' ],
39 silly audit   'color-name': [ '1.1.4' ],
39 silly audit   colorette: [ '2.0.20' ],
39 silly audit   colors: [ '1.4.0' ],
39 silly audit   'comment-parser': [ '1.4.1' ],
39 silly audit   compressible: [ '2.0.18' ],
39 silly audit   compression: [ '1.8.1' ],
39 silly audit   debug: [ '2.6.9', '4.4.3', '3.2.7' ],
39 silly audit   ms: [ '2.0.0', '2.1.3' ],
39 silly audit   negotiator: [ '0.6.4', '0.6.3', '1.0.0' ],
39 silly audit   'concat-map': [ '0.0.1' ],
39 silly audit   connect: [ '3.7.0' ],
39 silly audit   'connect-history-api-fallback': [ '2.0.0' ],
39 silly audit   encodeurl: [ '1.0.2', '2.0.0' ],
39 silly audit   finalhandler: [ '1.1.2', '2.1.1', '1.3.2' ],
39 silly audit   'on-finished': [ '2.3.0', '2.4.1' ],
39 silly audit   statuses: [ '1.5.0', '2.0.2' ],
39 silly audit   'content-disposition': [ '1.0.1', '0.5.4' ],
39 silly audit   'content-type': [ '1.0.5' ],
39 silly audit   cookie: [ '0.7.2' ],
39 silly audit   'cookie-signature': [ '1.2.2', '1.0.7' ],
39 silly audit   'copy-anything': [ '2.0.6' ],
39 silly audit   'copy-webpack-plugin': [ '14.0.0' ],
39 silly audit   'core-js-compat': [ '3.48.0' ],
39 silly audit   'core-util-is': [ '1.0.3' ],
39 silly audit   cors: [ '2.8.6' ],
39 silly audit   cosmiconfig: [ '9.0.1' ],
39 silly audit   'cross-spawn': [ '7.0.6' ],
39 silly audit   'css-loader': [ '7.1.2' ],
39 silly audit   'css-select': [ '6.0.0' ],
39 silly audit   'css-what': [ '7.0.0' ],
39 silly audit   cssesc: [ '3.0.0' ],
39 silly audit   'custom-event': [ '1.0.1' ],
39 silly audit   'data-view-buffer': [ '1.0.2' ],
39 silly audit   'data-view-byte-length': [ '1.0.2' ],
39 silly audit   'data-view-byte-offset': [ '1.0.1' ],
39 silly audit   'date-format': [ '4.0.14' ],
39 silly audit   'deep-is': [ '0.1.4' ],
39 silly audit   'default-browser': [ '5.5.0' ],
39 silly audit   'default-browser-id': [ '5.0.1' ],
39 silly audit   'define-data-property': [ '1.1.4' ],
39 silly audit   'define-properties': [ '1.2.1' ],
39 silly audit   depd: [ '2.0.0', '1.1.2' ],
39 silly audit   destroy: [ '1.2.0' ],
39 silly audit   'detect-libc': [ '2.1.2' ],
39 silly audit   'detect-node': [ '2.1.0' ],
39 silly audit   di: [ '0.0.1' ],
39 silly audit   'dns-packet': [ '5.6.1' ],
39 silly audit   doctrine: [ '2.1.0' ],
39 silly audit   'dom-serialize': [ '2.2.1' ],
39 silly audit   'dom-serializer': [ '2.0.0' ],
39 silly audit   domelementtype: [ '2.3.0' ],
39 silly audit   domhandler: [ '5.0.3' ],
39 silly audit   domutils: [ '3.2.2' ],
39 silly audit   'dunder-proto': [ '1.0.1' ],
39 silly audit   'ee-first': [ '1.1.1' ],
39 silly audit   'electron-to-chromium': [ '1.5.307' ],
39 silly audit   elementtree: [ '0.1.7' ],
39 silly audit   sax: [ '1.1.4', '1.5.0' ],
39 silly audit   'emojis-list': [ '3.0.0' ],
39 silly audit   'engine.io': [ '6.6.5' ],
39 silly audit   'engine.io-parser': [ '5.2.3' ],
39 silly audit   'mime-db': [ '1.52.0', '1.54.0' ],
39 silly audit   'mime-types': [ '2.1.35', '3.0.2' ],
39 silly audit   'enhanced-resolve': [ '5.20.0' ],
39 silly audit   ent: [ '2.2.2' ],
39 silly audit   entities: [ '4.5.0', '7.0.1', '6.0.1' ],
39 silly audit   'env-paths': [ '2.2.1' ],
39 silly audit   environment: [ '1.1.0' ],
39 silly audit   'err-code': [ '2.0.3' ],
39 silly audit   errno: [ '0.1.8' ],
39 silly audit   'error-ex': [ '1.3.4' ],
39 silly audit   'es-abstract': [ '1.24.1' ],
39 silly audit   'es-define-property': [ '1.0.1' ],
39 silly audit   'es-errors': [ '1.3.0' ],
39 silly audit   'es-module-lexer': [ '1.7.0', '2.0.0' ],
39 silly audit   'es-object-atoms': [ '1.1.1' ],
39 silly audit   'es-set-tostringtag': [ '2.1.0' ],
39 silly audit   'es-shim-unscopables': [ '1.1.0' ],
39 silly audit   'es-to-primitive': [ '1.3.0' ],
39 silly audit   esbuild: [ '0.25.9' ],
39 silly audit   'esbuild-wasm': [ '0.25.9' ],
39 silly audit   escalade: [ '3.2.0' ],
39 silly audit   'escape-html': [ '1.0.3' ],
39 silly audit   'escape-string-regexp': [ '4.0.0' ],
39 silly audit   eslint: [ '9.39.4' ],
39 silly audit   'eslint-import-resolver-node': [ '0.3.9' ],
39 silly audit   'eslint-module-utils': [ '2.12.1' ],
39 silly audit   'eslint-plugin-import': [ '2.32.0' ],
39 silly audit   'eslint-plugin-jsdoc': [ '48.11.0' ],
39 silly audit   'eslint-plugin-prefer-arrow': [ '1.2.2' ],
39 silly audit   'eslint-scope': [ '9.1.2', '8.4.0', '5.1.1' ],
39 silly audit   espree: [ '10.4.0' ],
39 silly audit   esquery: [ '1.7.0' ],
39 silly audit   esrecurse: [ '4.3.0' ],
39 silly audit   estraverse: [ '5.3.0', '4.3.0' ],
39 silly audit   esutils: [ '2.0.3' ],
39 silly audit   etag: [ '1.8.1' ],
39 silly audit   eventemitter3: [ '4.0.7', '5.0.4' ],
39 silly audit   events: [ '3.3.0' ],
39 silly audit   eventsource: [ '3.0.7' ],
39 silly audit   'eventsource-parser': [ '3.0.6' ],
39 silly audit   'exponential-backoff': [ '3.1.3' ],
39 silly audit   express: [ '5.2.1', '4.22.1' ],
39 silly audit   'express-rate-limit': [ '8.3.0' ],
39 silly audit   extend: [ '3.0.2' ],
39 silly audit   'fast-deep-equal': [ '3.1.3' ],
39 silly audit   'fast-glob': [ '3.3.3' ],
39 silly audit   'glob-parent': [ '5.1.2', '6.0.2' ],
39 silly audit   'fast-json-stable-stringify': [ '2.1.0' ],
39 silly audit   'fast-levenshtein': [ '2.0.6' ],
39 silly audit   'fast-uri': [ '3.1.0' ],
39 silly audit   fastq: [ '1.20.1' ],
39 silly audit   'faye-websocket': [ '0.11.4' ],
39 silly audit   'fd-slicer': [ '1.1.0' ],
39 silly audit   fdir: [ '6.5.0' ],
39 silly audit   'file-entry-cache': [ '8.0.0' ],
39 silly audit   'fill-range': [ '7.1.1' ],
39 silly audit   'find-up': [ '5.0.0' ],
39 silly audit   flat: [ '5.0.2' ],
39 silly audit   'flat-cache': [ '4.0.1' ],
39 silly audit   flatted: [ '3.4.0' ],
39 silly audit   'follow-redirects': [ '1.15.11' ],
39 silly audit   'for-each': [ '0.3.5' ],
39 silly audit   forwarded: [ '0.2.0' ],
39 silly audit   'fraction.js': [ '4.3.7' ],
39 silly audit   fresh: [ '2.0.0', '0.5.2' ],
39 silly audit   'fs-minipass': [ '3.0.3' ],
39 silly audit   'fs.realpath': [ '1.0.0' ],
39 silly audit   fsevents: [ '2.3.3' ],
39 silly audit   'function-bind': [ '1.1.2' ],
39 silly audit   'function.prototype.name': [ '1.1.8' ],
39 silly audit   'functions-have-names': [ '1.2.3' ],
39 silly audit   'generator-function': [ '2.0.1' ],
39 silly audit   gensync: [ '1.0.0-beta.2' ],
39 silly audit   'get-caller-file': [ '2.0.5' ],
39 silly audit   'get-east-asian-width': [ '1.5.0' ],
39 silly audit   'get-intrinsic': [ '1.3.0' ],
39 silly audit   'get-proto': [ '1.0.1' ],
39 silly audit   'get-symbol-description': [ '1.1.0' ],
39 silly audit   'glob-to-regex.js': [ '1.2.0' ],
39 silly audit   'glob-to-regexp': [ '0.4.1' ],
39 silly audit   globals: [ '14.0.0' ],
39 silly audit   globalthis: [ '1.0.4' ],
39 silly audit   gopd: [ '1.2.0' ],
39 silly audit   'graceful-fs': [ '4.2.11' ],
39 silly audit   'handle-thing': [ '2.0.1' ],
39 silly audit   'has-bigints': [ '1.1.0' ],
39 silly audit   'has-flag': [ '4.0.0' ],
39 silly audit   'has-property-descriptors': [ '1.0.2' ],
39 silly audit   'has-proto': [ '1.2.0' ],
39 silly audit   'has-symbols': [ '1.1.0' ],
39 silly audit   'has-tostringtag': [ '1.0.2' ],
39 silly audit   hasown: [ '2.0.2' ],
39 silly audit   hono: [ '4.12.5' ],
39 silly audit   'hosted-git-info': [ '9.0.2' ],
39 silly audit   'hpack.js': [ '2.1.6' ],
39 silly audit   isarray: [ '1.0.0', '2.0.5' ],
39 silly audit   'readable-stream': [ '2.3.8', '3.6.2' ],
39 silly audit   'safe-buffer': [ '5.1.2', '5.2.1' ],
39 silly audit   string_decoder: [ '1.1.1', '1.3.0' ],
39 silly audit   'html-escaper': [ '2.0.2' ],
39 silly audit   htmlparser2: [ '10.1.0' ],
39 silly audit   'http-cache-semantics': [ '4.2.0' ],
39 silly audit   'http-deceiver': [ '1.2.7' ],
39 silly audit   'http-errors': [ '2.0.1', '1.8.1' ],
39 silly audit   'http-parser-js': [ '0.5.10' ],
39 silly audit   'http-proxy': [ '1.18.1' ],
39 silly audit   'http-proxy-agent': [ '7.0.2' ],
39 silly audit   'http-proxy-middleware': [ '3.0.5', '2.0.9' ],
39 silly audit   'https-proxy-agent': [ '7.0.6' ],
39 silly audit   hyperdyperid: [ '1.2.0' ],
39 silly audit   'iconv-lite': [ '0.7.2', '0.4.24', '0.6.3' ],
39 silly audit   'icss-utils': [ '5.1.0' ],
39 silly audit   'ignore-walk': [ '8.0.0' ],
39 silly audit   'image-size': [ '0.5.5' ],
39 silly audit   immutable: [ '5.1.5' ],
39 silly audit   'import-fresh': [ '3.3.1' ],
39 silly audit   imurmurhash: [ '0.1.4' ],
39 silly audit   inflight: [ '1.0.6' ],
39 silly audit   inherits: [ '2.0.4' ],
39 silly audit   'internal-slot': [ '1.1.0' ],
39 silly audit   'ip-address': [ '10.1.0' ],
39 silly audit   'ipaddr.js': [ '1.9.1', '2.3.0' ],
39 silly audit   'is-array-buffer': [ '3.0.5' ],
39 silly audit   'is-arrayish': [ '0.2.1' ],
39 silly audit   'is-async-function': [ '2.1.1' ],
39 silly audit   'is-bigint': [ '1.1.0' ],
39 silly audit   'is-binary-path': [ '2.1.0' ],
39 silly audit   'is-boolean-object': [ '1.2.2' ],
39 silly audit   'is-callable': [ '1.2.7' ],
39 silly audit   'is-core-module': [ '2.16.1' ],
39 silly audit   'is-data-view': [ '1.0.2' ],
39 silly audit   'is-date-object': [ '1.1.0' ],
39 silly audit   'is-extglob': [ '2.1.1' ],
39 silly audit   'is-finalizationregistry': [ '1.1.1' ],
39 silly audit   'is-generator-function': [ '1.1.2' ],
39 silly audit   'is-glob': [ '4.0.3' ],
39 silly audit   'is-inside-container': [ '1.0.0' ],
39 silly audit   'is-interactive': [ '2.0.0' ],
39 silly audit   'is-map': [ '2.0.3' ],
39 silly audit   'is-negative-zero': [ '2.0.3' ],
39 silly audit   'is-network-error': [ '1.3.1' ],
39 silly audit   'is-number': [ '7.0.0' ],
39 silly audit   'is-number-object': [ '1.1.1' ],
39 silly audit   'is-plain-obj': [ '3.0.0' ],
39 silly audit   'is-promise': [ '4.0.0' ],
39 silly audit   'is-regex': [ '1.2.1' ],
39 silly audit   'is-set': [ '2.0.3' ],
39 silly audit   'is-shared-array-buffer': [ '1.0.4' ],
39 silly audit   'is-string': [ '1.1.1' ],
39 silly audit   'is-symbol': [ '1.1.1' ],
39 silly audit   'is-typed-array': [ '1.1.15' ],
39 silly audit   'is-unicode-supported': [ '2.1.0', '1.3.0' ],
39 silly audit   'is-weakmap': [ '2.0.2' ],
39 silly audit   'is-weakref': [ '1.1.1' ],
39 silly audit   'is-weakset': [ '2.0.4' ],
39 silly audit   'is-what': [ '3.14.1' ],
39 silly audit   isbinaryfile: [ '4.0.10' ],
39 silly audit   isobject: [ '3.0.1' ],
39 silly audit   'istanbul-lib-coverage': [ '3.2.2' ],
39 silly audit   'istanbul-lib-instrument': [ '6.0.3', '5.2.1' ],
39 silly audit   'istanbul-lib-report': [ '3.0.1' ],
39 silly audit   'istanbul-lib-source-maps': [ '4.0.1' ],
39 silly audit   'source-map': [ '0.6.1', '0.7.6' ],
39 silly audit   'istanbul-reports': [ '3.2.0' ],
39 silly audit   'jasmine-core': [ '5.1.2', '4.6.1' ],
39 silly audit   'jasmine-spec-reporter': [ '5.0.2' ],
39 silly audit   'jest-worker': [ '27.5.1' ],
39 silly audit   'supports-color': [ '8.1.1', '7.2.0' ],
39 silly audit   jiti: [ '1.21.7' ],
39 silly audit   jose: [ '6.2.0' ],
39 silly audit   'js-tokens': [ '4.0.0' ],
39 silly audit   'js-yaml': [ '4.1.1' ],
39 silly audit   'jsdoc-type-pratt-parser': [ '4.0.0' ],
39 silly audit   jsesc: [ '3.1.0' ],
39 silly audit   'json-buffer': [ '3.0.1' ],
39 silly audit   'json-parse-even-better-errors': [ '5.0.0', '2.3.1' ],
39 silly audit   'json-schema-typed': [ '8.0.2' ],
39 silly audit   'json-stable-stringify-without-jsonify': [ '1.0.1' ],
39 silly audit   json5: [ '2.2.3', '1.0.2' ],
39 silly audit   'jsonc-parser': [ '3.3.1' ],
39 silly audit   jsonparse: [ '1.3.1' ],
39 silly audit   karma: [ '6.4.4' ],
39 silly audit   'karma-chrome-launcher': [ '3.2.0' ],
39 silly audit   'karma-coverage': [ '2.2.1' ],
39 silly audit   'karma-jasmine': [ '5.1.0' ],
39 silly audit   'karma-jasmine-html-reporter': [ '2.1.0' ],
39 silly audit   'karma-source-map-support': [ '1.4.0' ],
39 silly audit   'media-typer': [ '0.3.0', '1.1.0' ],
39 silly audit   qs: [ '6.14.2', '6.15.0' ],
39 silly audit   'raw-body': [ '2.5.3', '3.0.2' ],
39 silly audit   readdirp: [ '3.6.0', '4.1.2' ],
39 silly audit   'type-is': [ '1.6.18', '2.0.1' ],
39 silly audit   yargs: [ '16.2.0', '18.0.0' ],
39 silly audit   'yargs-parser': [ '20.2.9', '22.0.0' ],
39 silly audit   keyv: [ '4.5.4' ],
39 silly audit   'kind-of': [ '6.0.3' ],
39 silly audit   kleur: [ '4.1.5', '3.0.3' ],
39 silly audit   'launch-editor': [ '2.13.1' ],
39 silly audit   less: [ '4.4.0' ],
39 silly audit   'less-loader': [ '12.3.0' ],
39 silly audit   'make-dir': [ '2.1.0', '4.0.0' ],
39 silly audit   mime: [ '1.6.0', '2.6.0' ],
39 silly audit   levn: [ '0.4.1' ],
39 silly audit   'license-webpack-plugin': [ '4.0.2' ],
39 silly audit   'lines-and-columns': [ '1.2.4' ],
39 silly audit   listr2: [ '9.0.1' ],
39 silly audit   lmdb: [ '3.4.2' ],
39 silly audit   'loader-runner': [ '4.3.1' ],
39 silly audit   'locate-path': [ '6.0.0' ],
39 silly audit   lodash: [ '4.17.23' ],
39 silly audit   'lodash.debounce': [ '4.0.8' ],
39 silly audit   'lodash.merge': [ '4.6.2' ],
39 silly audit   'log-symbols': [ '6.0.0' ],
39 silly audit   'log-update': [ '6.1.0' ],
39 silly audit   log4js: [ '6.9.1' ],
39 silly audit   'magic-string': [ '0.30.17' ],
39 silly audit   'make-fetch-happen': [ '15.0.4' ],
39 silly audit   'math-intrinsics': [ '1.1.0' ],
39 silly audit   memfs: [ '4.56.11' ],
39 silly audit   'merge-descriptors': [ '2.0.0', '1.0.3' ],
39 silly audit   'merge-stream': [ '2.0.0' ],
39 silly audit   merge2: [ '1.4.1' ],
39 silly audit   methods: [ '1.1.2' ],
39 silly audit   micromatch: [ '4.0.8' ],
39 silly audit   'mimic-function': [ '5.0.1' ],
39 silly audit   'mini-css-extract-plugin': [ '2.9.4' ],
39 silly audit   'minimalistic-assert': [ '1.0.1' ],
39 silly audit   minimist: [ '1.2.8' ],
39 silly audit   minipass: [ '7.1.3', '3.3.6' ],
39 silly audit   'minipass-collect': [ '2.0.1' ],
39 silly audit   'minipass-fetch': [ '5.0.2' ],
39 silly audit   'minipass-flush': [ '1.0.5' ],
39 silly audit   yallist: [ '4.0.0', '5.0.0', '3.1.1' ],
39 silly audit   'minipass-pipeline': [ '1.2.4' ],
39 silly audit   'minipass-sized': [ '2.0.0' ],
39 silly audit   minizlib: [ '3.1.0' ],
39 silly audit   mkdirp: [ '0.5.6' ],
39 silly audit   mrmime: [ '2.0.1' ],
39 silly audit   msgpackr: [ '1.11.8' ],
39 silly audit   'msgpackr-extract': [ '3.0.3' ],
39 silly audit   'multicast-dns': [ '7.2.5' ],
39 silly audit   'mute-stream': [ '2.0.0' ],
39 silly audit   nanoid: [ '3.3.11' ],
39 silly audit   'native-run': [ '2.0.3' ],
39 silly audit   'natural-compare': [ '1.4.0' ],
39 silly audit   needle: [ '3.3.1' ],
39 silly audit   'neo-async': [ '2.6.2' ],
39 silly audit   'node-forge': [ '1.3.3' ],
39 silly audit   'node-gyp': [ '12.2.0' ],
39 silly audit   'node-gyp-build-optional-packages': [ '5.2.2' ],
39 silly audit   'node-releases': [ '2.0.36' ],
39 silly audit   nopt: [ '9.0.0' ],
39 silly audit   'normalize-path': [ '3.0.0' ],
39 silly audit   'normalize-range': [ '0.1.2' ],
39 silly audit   'npm-bundled': [ '5.0.0' ],
39 silly audit   'npm-install-checks': [ '8.0.0' ],
39 silly audit   'npm-normalize-package-bin': [ '5.0.0' ],
39 silly audit   'npm-package-arg': [ '13.0.0' ],
39 silly audit   'npm-packlist': [ '10.0.4' ],
39 silly audit   'npm-pick-manifest': [ '11.0.3' ],
39 silly audit   'npm-registry-fetch': [ '19.1.1' ],
39 silly audit   'nth-check': [ '2.1.1' ],
39 silly audit   'object-assign': [ '4.1.1' ],
39 silly audit   'object-inspect': [ '1.13.4' ],
39 silly audit   'object-keys': [ '1.1.1' ],
39 silly audit   'object.assign': [ '4.1.7' ],
39 silly audit   'object.fromentries': [ '2.0.8' ],
39 silly audit   'object.groupby': [ '1.0.3' ],
39 silly audit   'object.values': [ '1.2.1' ],
39 silly audit   obuf: [ '1.1.2' ],
39 silly audit   'on-headers': [ '1.1.0' ],
39 silly audit   once: [ '1.4.0' ],
39 silly audit   onetime: [ '7.0.0' ],
39 silly audit   optionator: [ '0.9.4' ],
39 silly audit   ora: [ '8.2.0' ],
39 silly audit   'ordered-binary': [ '1.6.1' ],
39 silly audit   'own-keys': [ '1.0.1' ],
39 silly audit   'p-limit': [ '3.1.0' ],
39 silly audit   'p-locate': [ '5.0.0' ],
39 silly audit   'p-map': [ '7.0.4' ],
39 silly audit   'p-retry': [ '6.2.1' ],
39 silly audit   'package-json-from-dist': [ '1.0.1' ],
39 silly audit   pacote: [ '21.0.4' ],
39 silly audit   'parent-module': [ '1.0.1' ],
39 silly audit   'parse-imports': [ '2.2.1' ],
39 silly audit   'parse-json': [ '5.2.0' ],
39 silly audit   'parse-node-version': [ '1.0.1' ],
39 silly audit   parse5: [ '8.0.0' ],
39 silly audit   'parse5-html-rewriting-stream': [ '8.0.0' ],
39 silly audit   'parse5-sax-parser': [ '8.0.0' ],
39 silly audit   parseurl: [ '1.3.3' ],
39 silly audit   'path-exists': [ '4.0.0' ],
39 silly audit   'path-is-absolute': [ '1.0.1' ],
39 silly audit   'path-key': [ '3.1.1' ],
39 silly audit   'path-parse': [ '1.0.7' ],
39 silly audit   'path-scurry': [ '2.0.2' ],
39 silly audit   'path-to-regexp': [ '8.3.0', '0.1.12' ],
39 silly audit   pend: [ '1.2.0' ],
39 silly audit   picocolors: [ '1.1.1' ],
39 silly audit   pify: [ '4.0.1' ],
39 silly audit   piscina: [ '5.1.3' ],
39 silly audit   'pkce-challenge': [ '5.0.1' ],
39 silly audit   plist: [ '3.1.0' ],
39 silly audit   'possible-typed-array-names': [ '1.1.0' ],
39 silly audit   postcss: [ '8.5.6' ],
39 silly audit   'postcss-loader': [ '8.1.1' ],
39 silly audit   'postcss-media-query-parser': [ '0.2.3' ],
39 silly audit   'postcss-modules-extract-imports': [ '3.1.0' ],
39 silly audit   'postcss-modules-local-by-default': [ '4.2.0' ],
39 silly audit   'postcss-modules-scope': [ '3.2.1' ],
39 silly audit   'postcss-modules-values': [ '4.0.0' ],
39 silly audit   'postcss-selector-parser': [ '7.1.1' ],
39 silly audit   'postcss-value-parser': [ '4.2.0' ],
39 silly audit   'prelude-ls': [ '1.2.1' ],
39 silly audit   'process-nextick-args': [ '2.0.1' ],
39 silly audit   'promise-retry': [ '2.0.1' ],
39 silly audit   retry: [ '0.12.0', '0.13.1' ],
39 silly audit   prompts: [ '2.4.2' ],
39 silly audit   'proxy-addr': [ '2.0.7' ],
39 silly audit   prr: [ '1.0.1' ],
39 silly audit   punycode: [ '1.4.1', '2.3.1' ],
39 silly audit   qjobs: [ '1.2.0' ],
39 silly audit   'queue-microtask': [ '1.2.3' ],
39 silly audit   'range-parser': [ '1.2.1' ],
39 silly audit   'reflect-metadata': [ '0.2.2' ],
39 silly audit   'reflect.getprototypeof': [ '1.0.10' ],
39 silly audit   regenerate: [ '1.4.2' ],
39 silly audit   'regenerate-unicode-properties': [ '10.2.2' ],
39 silly audit   'regex-parser': [ '2.3.1' ],
39 silly audit   'regexp.prototype.flags': [ '1.5.4' ],
39 silly audit   'regexpu-core': [ '6.4.0' ],
39 silly audit   regjsgen: [ '0.8.0' ],
39 silly audit   regjsparser: [ '0.13.0' ],
39 silly audit   'require-directory': [ '2.1.1' ],
39 silly audit   'require-from-string': [ '2.0.2' ],
39 silly audit   'requires-port': [ '1.0.0' ],
39 silly audit   'resolve-from': [ '4.0.0' ],
39 silly audit   'resolve-url-loader': [ '5.0.0' ],
39 silly audit   'restore-cursor': [ '5.1.0' ],
39 silly audit   reusify: [ '1.1.0' ],
39 silly audit   rfdc: [ '1.4.1' ],
39 silly audit   rollup: [ '4.59.0' ],
39 silly audit   router: [ '2.2.0' ],
39 silly audit   'run-applescript': [ '7.1.0' ],
39 silly audit   'run-parallel': [ '1.2.0' ],
39 silly audit   rxjs: [ '7.8.2' ],
39 silly audit   'safe-array-concat': [ '1.1.3' ],
39 silly audit   'safe-push-apply': [ '1.0.0' ],
39 silly audit   'safe-regex-test': [ '1.1.0' ],
39 silly audit   'safer-buffer': [ '2.1.2' ],
39 silly audit   sass: [ '1.90.0' ],
39 silly audit   'sass-loader': [ '16.0.5' ],
39 silly audit   'schema-utils': [ '4.3.3' ],
39 silly audit   'select-hose': [ '2.0.0' ],
39 silly audit   selfsigned: [ '2.4.1' ],
39 silly audit   send: [ '1.2.1', '0.19.2' ],
39 silly audit   'serialize-javascript': [ '7.0.4' ],
39 silly audit   'serve-index': [ '1.9.2' ],
39 silly audit   'serve-static': [ '2.2.1', '1.16.3' ],
39 silly audit   'set-function-length': [ '1.2.2' ],
39 silly audit   'set-function-name': [ '2.0.2' ],
39 silly audit   'set-proto': [ '1.0.0' ],
39 silly audit   setprototypeof: [ '1.2.0' ],
39 silly audit   'shallow-clone': [ '3.0.1' ],
39 silly audit   'shebang-command': [ '2.0.0' ],
39 silly audit   'shebang-regex': [ '3.0.0' ],
39 silly audit   'shell-quote': [ '1.8.3' ],
39 silly audit   'side-channel': [ '1.1.0' ],
39 silly audit   'side-channel-list': [ '1.0.0' ],
39 silly audit   'side-channel-map': [ '1.0.1' ],
39 silly audit   'side-channel-weakmap': [ '1.0.2' ],
39 silly audit   sigstore: [ '4.1.0' ],
39 silly audit   sisteransi: [ '1.0.5' ],
39 silly audit   slashes: [ '3.0.12' ],
39 silly audit   'smart-buffer': [ '4.2.0' ],
39 silly audit   'socket.io': [ '4.8.3' ],
39 silly audit   'socket.io-adapter': [ '2.5.6' ],
39 silly audit   'socket.io-parser': [ '4.2.5' ],
39 silly audit   sockjs: [ '0.3.24' ],
39 silly audit   socks: [ '2.8.7' ],
39 silly audit   'socks-proxy-agent': [ '8.0.5' ],
39 silly audit   'source-map-js': [ '1.2.1' ],
39 silly audit   'source-map-loader': [ '5.0.0' ],
39 silly audit   'source-map-support': [ '0.5.21' ],
39 silly audit   'spdx-exceptions': [ '2.5.0' ],
39 silly audit   'spdx-expression-parse': [ '4.0.0' ],
39 silly audit   'spdx-license-ids': [ '3.0.23' ],
39 silly audit   spdy: [ '4.0.2' ],
39 silly audit   'spdy-transport': [ '3.0.0' ],
39 silly audit   split2: [ '4.2.0' ],
39 silly audit   ssri: [ '13.0.1' ],
39 silly audit   'stdin-discarder': [ '0.2.2' ],
39 silly audit   'stop-iteration-iterator': [ '1.1.0' ],
39 silly audit   streamroller: [ '3.1.5' ],
39 silly audit   'string.prototype.trim': [ '1.2.10' ],
39 silly audit   'string.prototype.trimend': [ '1.0.9' ],
39 silly audit   'string.prototype.trimstart': [ '1.0.8' ],
39 silly audit   'strip-bom': [ '3.0.0' ],
39 silly audit   'strip-json-comments': [ '3.1.1' ],
39 silly audit   'supports-preserve-symlinks-flag': [ '1.0.0' ],
39 silly audit   synckit: [ '0.9.3' ],
39 silly audit   tapable: [ '2.3.0' ],
39 silly audit   tar: [ '7.5.10' ],
39 silly audit   terser: [ '5.43.1' ],
39 silly audit   'terser-webpack-plugin': [ '5.3.17' ],
39 silly audit   thingies: [ '2.5.0' ],
39 silly audit   through2: [ '4.0.2' ],
39 silly audit   thunky: [ '1.1.0' ],
39 silly audit   tmp: [ '0.2.5' ],
39 silly audit   'to-regex-range': [ '5.0.1' ],
39 silly audit   toidentifier: [ '1.0.1' ],
39 silly audit   'tree-dump': [ '1.1.0' ],
39 silly audit   'tree-kill': [ '1.2.2' ],
39 silly audit   'ts-api-utils': [ '2.4.0' ],
39 silly audit   'tsconfig-paths': [ '3.15.0' ],
39 silly audit   tslib: [ '2.8.1' ],
39 silly audit   'tuf-js': [ '4.1.0' ],
39 silly audit   'type-check': [ '0.4.0' ],
39 silly audit   'typed-array-buffer': [ '1.0.3' ],
39 silly audit   'typed-array-byte-length': [ '1.0.3' ],
39 silly audit   'typed-array-byte-offset': [ '1.0.4' ],
39 silly audit   'typed-array-length': [ '1.0.7' ],
39 silly audit   'typed-assert': [ '1.0.9' ],
39 silly audit   typescript: [ '5.9.3' ],
39 silly audit   'ua-parser-js': [ '0.7.41' ],
39 silly audit   'unbox-primitive': [ '1.1.0' ],
39 silly audit   'undici-types': [ '7.18.2' ],
39 silly audit   'unicode-canonical-property-names-ecmascript': [ '2.0.1' ],
39 silly audit   'unicode-match-property-ecmascript': [ '2.0.0' ],
39 silly audit   'unicode-match-property-value-ecmascript': [ '2.2.1' ],
39 silly audit   'unicode-property-aliases-ecmascript': [ '2.2.0' ],
39 silly audit   'unique-filename': [ '5.0.0' ],
39 silly audit   'unique-slug': [ '6.0.0' ],
39 silly audit   unpipe: [ '1.0.0' ],
39 silly audit   untildify: [ '4.0.0' ],
39 silly audit   'update-browserslist-db': [ '1.2.3' ],
39 silly audit   'uri-js': [ '4.4.1' ],
39 silly audit   'util-deprecate': [ '1.0.2' ],
39 silly audit   'utils-merge': [ '1.0.1' ],
39 silly audit   uuid: [ '8.3.2' ],
39 silly audit   'validate-npm-package-name': [ '6.0.2' ],
39 silly audit   vary: [ '1.1.2' ],
39 silly audit   vite: [ '7.1.11' ],
39 silly audit   'void-elements': [ '2.0.1' ],
39 silly audit   watchpack: [ '2.4.4', '2.5.1' ],
39 silly audit   wbuf: [ '1.7.3' ],
39 silly audit   'weak-lru-cache': [ '1.2.2' ],
39 silly audit   webpack: [ '5.105.0' ],
39 silly audit   'webpack-dev-middleware': [ '7.4.2' ],
39 silly audit   'webpack-dev-server': [ '5.2.2' ],
39 silly audit   'webpack-merge': [ '6.0.1' ],
39 silly audit   'webpack-sources': [ '3.3.4' ],
39 silly audit   'webpack-subresource-integrity': [ '5.1.0' ],
39 silly audit   'websocket-driver': [ '0.7.4' ],
39 silly audit   'websocket-extensions': [ '0.1.4' ],
39 silly audit   'which-boxed-primitive': [ '1.1.1' ],
39 silly audit   'which-builtin-type': [ '1.2.1' ],
39 silly audit   'which-collection': [ '1.0.2' ],
39 silly audit   'which-typed-array': [ '1.1.20' ],
39 silly audit   wildcard: [ '2.0.1' ],
39 silly audit   'word-wrap': [ '1.2.5' ],
39 silly audit   wrappy: [ '1.0.2' ],
39 silly audit   ws: [ '8.18.3' ],
39 silly audit   'wsl-utils': [ '0.1.0' ],
39 silly audit   xml2js: [ '0.6.2' ],
39 silly audit   xmlbuilder: [ '11.0.1', '15.1.1' ],
39 silly audit   y18n: [ '5.0.8' ],
39 silly audit   yauzl: [ '2.10.0' ],
39 silly audit   'yocto-queue': [ '0.1.0' ],
39 silly audit   'yoctocolors-cjs': [ '2.1.3' ],
39 silly audit   zod: [ '4.1.13' ],
39 silly audit   'zod-to-json-schema': [ '3.25.1' ],
39 silly audit   'zone.js': [ '0.15.1' ],
39 silly audit   '@capacitor/app': [ '8.0.1' ],
39 silly audit   '@capacitor/haptics': [ '8.0.1' ],
39 silly audit   '@capacitor/keyboard': [ '8.0.1' ],
39 silly audit   '@capacitor/status-bar': [ '8.0.1' ]
39 silly audit }
40 http cache @capacitor/keyboard@https://registry.npmjs.org/@capacitor/keyboard/-/keyboard-8.0.1.tgz 0ms (cache hit)
41 http cache @capacitor/haptics@https://registry.npmjs.org/@capacitor/haptics/-/haptics-8.0.1.tgz 1ms (cache hit)
42 http cache @capacitor/status-bar@https://registry.npmjs.org/@capacitor/status-bar/-/status-bar-8.0.1.tgz 0ms (cache hit)
43 http cache @capacitor/app@https://registry.npmjs.org/@capacitor/app/-/app-8.0.1.tgz 0ms (cache hit)
44 http cache weak-lru-cache@https://registry.npmjs.org/weak-lru-cache/-/weak-lru-cache-1.2.2.tgz 0ms (cache hit)
45 http cache ordered-binary@https://registry.npmjs.org/ordered-binary/-/ordered-binary-1.6.1.tgz 0ms (cache hit)
46 http cache node-gyp-build-optional-packages@https://registry.npmjs.org/node-gyp-build-optional-packages/-/node-gyp-build-optional-packages-5.2.2.tgz 0ms (cache hit)
47 http cache node-addon-api@https://registry.npmjs.org/node-addon-api/-/node-addon-api-6.1.0.tgz 0ms (cache hit)
48 http cache msgpackr-extract@https://registry.npmjs.org/msgpackr-extract/-/msgpackr-extract-3.0.3.tgz 0ms (cache hit)
49 http cache msgpackr@https://registry.npmjs.org/msgpackr/-/msgpackr-1.11.8.tgz 0ms (cache hit)
50 http cache lmdb@https://registry.npmjs.org/lmdb/-/lmdb-3.4.2.tgz 0ms (cache hit)
51 silly tarball no local data for @capacitor/keyboard@https://registry.npmjs.org/@capacitor/keyboard/-/keyboard-8.0.1.tgz. Extracting by manifest.
52 silly tarball no local data for @capacitor/haptics@https://registry.npmjs.org/@capacitor/haptics/-/haptics-8.0.1.tgz. Extracting by manifest.
53 silly tarball no local data for @capacitor/status-bar@https://registry.npmjs.org/@capacitor/status-bar/-/status-bar-8.0.1.tgz. Extracting by manifest.
54 silly tarball no local data for @capacitor/app@https://registry.npmjs.org/@capacitor/app/-/app-8.0.1.tgz. Extracting by manifest.
55 http fetch POST 200 https://registry.npmjs.org/-/npm/v1/security/advisories/bulk 274ms
56 silly audit report {}
57 http fetch GET 200 https://registry.npmjs.org/@capacitor/app/-/app-8.0.1.tgz 690ms (cache miss)
58 http fetch GET 200 https://registry.npmjs.org/@capacitor/keyboard/-/keyboard-8.0.1.tgz 734ms (cache miss)
59 http fetch GET 200 https://registry.npmjs.org/@capacitor/haptics/-/haptics-8.0.1.tgz 778ms (cache miss)
60 http fetch GET 200 https://registry.npmjs.org/@capacitor/status-bar/-/status-bar-8.0.1.tgz 1018ms (cache miss)
61 info run lmdb@3.4.2 install node_modules/lmdb node-gyp-build-optional-packages
62 info run msgpackr-extract@3.0.3 install node_modules/msgpackr-extract node-gyp-build-optional-packages
63 info run msgpackr-extract@3.0.3 install { code: 1, signal: null }
64 verbose reify failed optional dependency /data/data/com.termux/files/home/SmartDeals/node_modules/msgpackr-extract
65 silly reify mark deleted [
65 silly reify   '/data/data/com.termux/files/home/SmartDeals/node_modules/msgpackr-extract',
65 silly reify   '/data/data/com.termux/files/home/SmartDeals/node_modules/.bin/download-msgpackr-prebuilds'
65 silly reify ]
66 verbose reify failed optional dependency /data/data/com.termux/files/home/SmartDeals/node_modules/@msgpackr-extract/msgpackr-extract-darwin-arm64
67 silly reify mark deleted [
67 silly reify   '/data/data/com.termux/files/home/SmartDeals/node_modules/@msgpackr-extract/msgpackr-extract-darwin-arm64'
67 silly reify ]
68 verbose reify failed optional dependency /data/data/com.termux/files/home/SmartDeals/node_modules/@msgpackr-extract/msgpackr-extract-darwin-x64
69 silly reify mark deleted [
69 silly reify   '/data/data/com.termux/files/home/SmartDeals/node_modules/@msgpackr-extract/msgpackr-extract-darwin-x64'
69 silly reify ]
70 verbose reify failed optional dependency /data/data/com.termux/files/home/SmartDeals/node_modules/@msgpackr-extract/msgpackr-extract-linux-arm
71 silly reify mark deleted [
71 silly reify   '/data/data/com.termux/files/home/SmartDeals/node_modules/@msgpackr-extract/msgpackr-extract-linux-arm'
71 silly reify ]
72 verbose reify failed optional dependency /data/data/com.termux/files/home/SmartDeals/node_modules/@msgpackr-extract/msgpackr-extract-linux-arm64
73 silly reify mark deleted [
73 silly reify   '/data/data/com.termux/files/home/SmartDeals/node_modules/@msgpackr-extract/msgpackr-extract-linux-arm64'
73 silly reify ]
74 verbose reify failed optional dependency /data/data/com.termux/files/home/SmartDeals/node_modules/@msgpackr-extract/msgpackr-extract-linux-x64
75 silly reify mark deleted [
75 silly reify   '/data/data/com.termux/files/home/SmartDeals/node_modules/@msgpackr-extract/msgpackr-extract-linux-x64'
75 silly reify ]
76 verbose reify failed optional dependency /data/data/com.termux/files/home/SmartDeals/node_modules/@msgpackr-extract/msgpackr-extract-win32-x64
77 silly reify mark deleted [
77 silly reify   '/data/data/com.termux/files/home/SmartDeals/node_modules/@msgpackr-extract/msgpackr-extract-win32-x64'
77 silly reify ]
78 info run lmdb@3.4.2 install { code: 1, signal: null }
79 verbose reify failed optional dependency /data/data/com.termux/files/home/SmartDeals/node_modules/lmdb
80 silly reify mark deleted [
80 silly reify   '/data/data/com.termux/files/home/SmartDeals/node_modules/lmdb',
80 silly reify   '/data/data/com.termux/files/home/SmartDeals/node_modules/.bin/download-lmdb-prebuilds'
80 silly reify ]
81 verbose reify failed optional dependency /data/data/com.termux/files/home/SmartDeals/node_modules/msgpackr
82 silly reify mark deleted [ '/data/data/com.termux/files/home/SmartDeals/node_modules/msgpackr' ]
83 verbose reify failed optional dependency /data/data/com.termux/files/home/SmartDeals/node_modules/node-addon-api
84 silly reify mark deleted [
84 silly reify   '/data/data/com.termux/files/home/SmartDeals/node_modules/node-addon-api'
84 silly reify ]
85 verbose reify failed optional dependency /data/data/com.termux/files/home/SmartDeals/node_modules/node-gyp-build-optional-packages
86 silly reify mark deleted [
86 silly reify   '/data/data/com.termux/files/home/SmartDeals/node_modules/node-gyp-build-optional-packages',
86 silly reify   '/data/data/com.termux/files/home/SmartDeals/node_modules/.bin/node-gyp-build-optional-packages',
86 silly reify   '/data/data/com.termux/files/home/SmartDeals/node_modules/.bin/node-gyp-build-optional-packages-optional',
86 silly reify   '/data/data/com.termux/files/home/SmartDeals/node_modules/.bin/node-gyp-build-optional-packages-test'
86 silly reify ]
87 verbose reify failed optional dependency /data/data/com.termux/files/home/SmartDeals/node_modules/ordered-binary
88 silly reify mark deleted [
88 silly reify   '/data/data/com.termux/files/home/SmartDeals/node_modules/ordered-binary'
88 silly reify ]
89 verbose reify failed optional dependency /data/data/com.termux/files/home/SmartDeals/node_modules/weak-lru-cache
90 silly reify mark deleted [
90 silly reify   '/data/data/com.termux/files/home/SmartDeals/node_modules/weak-lru-cache'
90 silly reify ]
91 verbose reify failed optional dependency /data/data/com.termux/files/home/SmartDeals/node_modules/@lmdb/lmdb-darwin-arm64
92 silly reify mark deleted [
92 silly reify   '/data/data/com.termux/files/home/SmartDeals/node_modules/@lmdb/lmdb-darwin-arm64'
92 silly reify ]
93 verbose reify failed optional dependency /data/data/com.termux/files/home/SmartDeals/node_modules/@lmdb/lmdb-darwin-x64
94 silly reify mark deleted [
94 silly reify   '/data/data/com.termux/files/home/SmartDeals/node_modules/@lmdb/lmdb-darwin-x64'
94 silly reify ]
95 verbose reify failed optional dependency /data/data/com.termux/files/home/SmartDeals/node_modules/@lmdb/lmdb-linux-arm
96 silly reify mark deleted [
96 silly reify   '/data/data/com.termux/files/home/SmartDeals/node_modules/@lmdb/lmdb-linux-arm'
96 silly reify ]
97 verbose reify failed optional dependency /data/data/com.termux/files/home/SmartDeals/node_modules/@lmdb/lmdb-linux-arm64
98 silly reify mark deleted [
98 silly reify   '/data/data/com.termux/files/home/SmartDeals/node_modules/@lmdb/lmdb-linux-arm64'
98 silly reify ]
99 verbose reify failed optional dependency /data/data/com.termux/files/home/SmartDeals/node_modules/@lmdb/lmdb-linux-x64
100 silly reify mark deleted [
100 silly reify   '/data/data/com.termux/files/home/SmartDeals/node_modules/@lmdb/lmdb-linux-x64'
100 silly reify ]
101 verbose reify failed optional dependency /data/data/com.termux/files/home/SmartDeals/node_modules/@lmdb/lmdb-win32-arm64
102 silly reify mark deleted [
102 silly reify   '/data/data/com.termux/files/home/SmartDeals/node_modules/@lmdb/lmdb-win32-arm64'
102 silly reify ]
103 verbose reify failed optional dependency /data/data/com.termux/files/home/SmartDeals/node_modules/@lmdb/lmdb-win32-x64
104 silly reify mark deleted [
104 silly reify   '/data/data/com.termux/files/home/SmartDeals/node_modules/@lmdb/lmdb-win32-x64'
104 silly reify ]
105 verbose reify failed optional dependency /data/data/com.termux/files/home/SmartDeals/node_modules/msgpackr-extract
106 silly reify mark deleted [
106 silly reify   '/data/data/com.termux/files/home/SmartDeals/node_modules/msgpackr-extract',
106 silly reify   '/data/data/com.termux/files/home/SmartDeals/node_modules/.bin/download-msgpackr-prebuilds'
106 silly reify ]
107 verbose reify failed optional dependency /data/data/com.termux/files/home/SmartDeals/node_modules/@msgpackr-extract/msgpackr-extract-darwin-arm64
108 silly reify mark deleted [
108 silly reify   '/data/data/com.termux/files/home/SmartDeals/node_modules/@msgpackr-extract/msgpackr-extract-darwin-arm64'
108 silly reify ]
109 verbose reify failed optional dependency /data/data/com.termux/files/home/SmartDeals/node_modules/@msgpackr-extract/msgpackr-extract-darwin-x64
110 silly reify mark deleted [
110 silly reify   '/data/data/com.termux/files/home/SmartDeals/node_modules/@msgpackr-extract/msgpackr-extract-darwin-x64'
110 silly reify ]
111 verbose reify failed optional dependency /data/data/com.termux/files/home/SmartDeals/node_modules/@msgpackr-extract/msgpackr-extract-linux-arm
112 silly reify mark deleted [
112 silly reify   '/data/data/com.termux/files/home/SmartDeals/node_modules/@msgpackr-extract/msgpackr-extract-linux-arm'
112 silly reify ]
113 verbose reify failed optional dependency /data/data/com.termux/files/home/SmartDeals/node_modules/@msgpackr-extract/msgpackr-extract-linux-arm64
114 silly reify mark deleted [
114 silly reify   '/data/data/com.termux/files/home/SmartDeals/node_modules/@msgpackr-extract/msgpackr-extract-linux-arm64'
114 silly reify ]
115 verbose reify failed optional dependency /data/data/com.termux/files/home/SmartDeals/node_modules/@msgpackr-extract/msgpackr-extract-linux-x64
116 silly reify mark deleted [
116 silly reify   '/data/data/com.termux/files/home/SmartDeals/node_modules/@msgpackr-extract/msgpackr-extract-linux-x64'
116 silly reify ]
117 verbose reify failed optional dependency /data/data/com.termux/files/home/SmartDeals/node_modules/@msgpackr-extract/msgpackr-extract-win32-x64
118 silly reify mark deleted [
118 silly reify   '/data/data/com.termux/files/home/SmartDeals/node_modules/@msgpackr-extract/msgpackr-extract-win32-x64'
118 silly reify ]
119 silly ADD node_modules/@capacitor/status-bar
120 silly ADD node_modules/@capacitor/keyboard
121 silly ADD node_modules/@capacitor/haptics
122 silly ADD node_modules/@capacitor/app
123 silly ADD
124 silly ADD
125 silly ADD
126 silly ADD
127 silly ADD
128 silly ADD
129 silly ADD
130 verbose cwd /data/data/com.termux/files/home/SmartDeals
131 verbose os Linux 6.6.30-android15-8-gcd3677c66895-ab12721575-4k
132 verbose node v25.3.0
133 verbose npm  v11.11.0
134 verbose exit 0
135 info ok
